[2023-01-05 15:25:09,760] {taskinstance.py:1032} INFO - Dependencies all met for <TaskInstance: ingestion_dag.download_dataset_task scheduled__2023-01-04T00:00:00+00:00 [queued]>
[2023-01-05 15:25:09,777] {taskinstance.py:1032} INFO - Dependencies all met for <TaskInstance: ingestion_dag.download_dataset_task scheduled__2023-01-04T00:00:00+00:00 [queued]>
[2023-01-05 15:25:09,777] {taskinstance.py:1238} INFO - 
--------------------------------------------------------------------------------
[2023-01-05 15:25:09,777] {taskinstance.py:1239} INFO - Starting attempt 1 of 2
[2023-01-05 15:25:09,777] {taskinstance.py:1240} INFO - 
--------------------------------------------------------------------------------
[2023-01-05 15:25:09,795] {taskinstance.py:1259} INFO - Executing <Task(BashOperator): download_dataset_task> on 2023-01-04 00:00:00+00:00
[2023-01-05 15:25:09,811] {standard_task_runner.py:76} INFO - Running: ['***', 'tasks', 'run', 'ingestion_dag', 'download_dataset_task', 'scheduled__2023-01-04T00:00:00+00:00', '--job-id', '3', '--raw', '--subdir', 'DAGS_FOLDER/ingestion_dag.py', '--cfg-path', '/tmp/tmpp0jqel_4', '--error-file', '/tmp/tmpi7z1ast4']
[2023-01-05 15:25:09,805] {standard_task_runner.py:52} INFO - Started process 291 to run task
[2023-01-05 15:25:09,817] {standard_task_runner.py:77} INFO - Job 3: Subtask download_dataset_task
[2023-01-05 15:25:09,895] {logging_mixin.py:109} INFO - Running <TaskInstance: ingestion_dag.download_dataset_task scheduled__2023-01-04T00:00:00+00:00 [running]> on host 5d77b11d05f0
[2023-01-05 15:25:09,971] {taskinstance.py:1426} INFO - Exporting the following env vars:
AIRFLOW_CTX_DAG_OWNER=***
AIRFLOW_CTX_DAG_ID=ingestion_dag
AIRFLOW_CTX_TASK_ID=download_dataset_task
AIRFLOW_CTX_EXECUTION_DATE=2023-01-04T00:00:00+00:00
AIRFLOW_CTX_DAG_RUN_ID=scheduled__2023-01-04T00:00:00+00:00
[2023-01-05 15:25:09,973] {subprocess.py:62} INFO - Tmp dir root location: 
 /tmp
[2023-01-05 15:25:09,974] {subprocess.py:74} INFO - Running command: ['bash', '-c', 'curl -sSL https://d37ci6vzurychx.cloudfront.net/trip-data/yellow_tripdata_2021-01.parquet > /opt/***/yellow_tripdata_2021-01.parquet']
[2023-01-05 15:25:09,990] {subprocess.py:85} INFO - Output:
[2023-01-05 15:25:10,258] {subprocess.py:93} INFO - Command exited with return code 0
[2023-01-05 15:25:10,291] {taskinstance.py:1277} INFO - Marking task as SUCCESS. dag_id=ingestion_dag, task_id=download_dataset_task, execution_date=20230104T000000, start_date=20230105T152509, end_date=20230105T152510
[2023-01-05 15:25:10,314] {local_task_job.py:154} INFO - Task exited with return code 0
[2023-01-05 15:25:10,363] {local_task_job.py:264} INFO - 1 downstream tasks scheduled from follow-on schedule check
