[2022-11-29T15:39:24.913+0000] {manager.py:483} INFO - Processing files using up to 2 processes at a time 
[2022-11-29T15:39:24.916+0000] {manager.py:484} INFO - Process each file at most once every 30 seconds
[2022-11-29T15:39:24.916+0000] {manager.py:486} INFO - Checking for new files in /opt/airflow/dags every 300 seconds
[2022-11-29T15:39:24.916+0000] {manager.py:724} INFO - Searching for files in /opt/airflow/dags
[2022-11-29T15:39:24.918+0000] {manager.py:727} INFO - There are 0 files in /opt/airflow/dags
[2022-11-29T15:43:33.642+0000] {manager.py:465} INFO - Exiting gracefully upon receiving signal 15
[2022-11-29T15:49:33.527+0000] {manager.py:483} INFO - Processing files using up to 2 processes at a time 
[2022-11-29T15:49:33.537+0000] {manager.py:484} INFO - Process each file at most once every 30 seconds
[2022-11-29T15:49:33.537+0000] {manager.py:486} INFO - Checking for new files in /opt/airflow/dags every 300 seconds
[2022-11-29T15:49:33.538+0000] {manager.py:724} INFO - Searching for files in /opt/airflow/dags
[2022-11-29T15:49:33.540+0000] {manager.py:727} INFO - There are 0 files in /opt/airflow/dags
[2022-11-29T15:54:34.099+0000] {manager.py:724} INFO - Searching for files in /opt/airflow/dags
[2022-11-29T15:54:34.100+0000] {manager.py:727} INFO - There are 0 files in /opt/airflow/dags
[2022-11-29T15:55:35.255+0000] {manager.py:465} INFO - Exiting gracefully upon receiving signal 15
[2022-12-01T03:52:54.706+0000] {manager.py:483} INFO - Processing files using up to 2 processes at a time 
[2022-12-01T03:52:54.712+0000] {manager.py:484} INFO - Process each file at most once every 30 seconds
[2022-12-01T03:52:54.713+0000] {manager.py:486} INFO - Checking for new files in /opt/airflow/dags every 300 seconds
[2022-12-01T03:52:54.713+0000] {manager.py:724} INFO - Searching for files in /opt/airflow/dags
[2022-12-01T03:52:54.715+0000] {manager.py:727} INFO - There are 0 files in /opt/airflow/dags
[2022-12-01T03:57:55.116+0000] {manager.py:724} INFO - Searching for files in /opt/airflow/dags
[2022-12-01T03:57:55.116+0000] {manager.py:727} INFO - There are 0 files in /opt/airflow/dags
[2022-12-01T04:02:55.451+0000] {manager.py:724} INFO - Searching for files in /opt/airflow/dags
[2022-12-01T04:02:55.451+0000] {manager.py:727} INFO - There are 0 files in /opt/airflow/dags
[2022-12-01T04:07:55.800+0000] {manager.py:724} INFO - Searching for files in /opt/airflow/dags
[2022-12-01T04:07:55.801+0000] {manager.py:727} INFO - There are 0 files in /opt/airflow/dags
[2022-12-01T04:12:56.152+0000] {manager.py:724} INFO - Searching for files in /opt/airflow/dags
[2022-12-01T04:12:56.153+0000] {manager.py:727} INFO - There are 0 files in /opt/airflow/dags
[2022-12-01T04:17:56.487+0000] {manager.py:724} INFO - Searching for files in /opt/airflow/dags
[2022-12-01T04:17:56.488+0000] {manager.py:727} INFO - There are 0 files in /opt/airflow/dags
[2022-12-01T04:22:56.840+0000] {manager.py:724} INFO - Searching for files in /opt/airflow/dags
[2022-12-01T04:22:56.840+0000] {manager.py:727} INFO - There are 0 files in /opt/airflow/dags
[2022-12-01T04:27:57.193+0000] {manager.py:724} INFO - Searching for files in /opt/airflow/dags
[2022-12-01T04:27:57.194+0000] {manager.py:727} INFO - There are 0 files in /opt/airflow/dags
[2022-12-01T04:32:57.542+0000] {manager.py:724} INFO - Searching for files in /opt/airflow/dags
[2022-12-01T04:32:57.543+0000] {manager.py:727} INFO - There are 0 files in /opt/airflow/dags
[2022-12-01T04:37:57.903+0000] {manager.py:724} INFO - Searching for files in /opt/airflow/dags
[2022-12-01T04:37:57.904+0000] {manager.py:727} INFO - There are 0 files in /opt/airflow/dags
[2022-12-01T04:42:58.269+0000] {manager.py:724} INFO - Searching for files in /opt/airflow/dags
[2022-12-01T04:42:58.270+0000] {manager.py:727} INFO - There are 0 files in /opt/airflow/dags
[2022-12-01T04:47:58.664+0000] {manager.py:724} INFO - Searching for files in /opt/airflow/dags
[2022-12-01T04:47:58.665+0000] {manager.py:727} INFO - There are 0 files in /opt/airflow/dags
[2022-12-01T04:52:59.011+0000] {manager.py:724} INFO - Searching for files in /opt/airflow/dags
[2022-12-01T04:52:59.012+0000] {manager.py:727} INFO - There are 0 files in /opt/airflow/dags
[2022-12-01T04:57:59.337+0000] {manager.py:724} INFO - Searching for files in /opt/airflow/dags
[2022-12-01T04:57:59.338+0000] {manager.py:727} INFO - There are 0 files in /opt/airflow/dags
[2022-12-01T05:02:59.696+0000] {manager.py:724} INFO - Searching for files in /opt/airflow/dags
[2022-12-01T05:02:59.697+0000] {manager.py:727} INFO - There are 1 files in /opt/airflow/dags
[2022-12-01T05:03:13.791+0000] {manager.py:846} INFO - 
================================================================================
DAG File Processing Stats

File Path                                    PID    Runtime      # DAGs    # Errors  Last Runtime    Last Run
-------------------------------------------  -----  ---------  --------  ----------  --------------  -------------------
/opt/airflow/dags/data_ingestion_gcs_dag.py                           1           0  3.66s           2022-12-01T05:03:03
================================================================================
[2022-12-01T05:03:43.920+0000] {manager.py:846} INFO - 
================================================================================
DAG File Processing Stats

File Path                                    PID    Runtime      # DAGs    # Errors  Last Runtime    Last Run
-------------------------------------------  -----  ---------  --------  ----------  --------------  -------------------
/opt/airflow/dags/data_ingestion_gcs_dag.py                           1           0  1.00s           2022-12-01T05:03:34
================================================================================
[2022-12-01T05:04:14.064+0000] {manager.py:846} INFO - 
================================================================================
DAG File Processing Stats

File Path                                    PID    Runtime      # DAGs    # Errors  Last Runtime    Last Run
-------------------------------------------  -----  ---------  --------  ----------  --------------  -------------------
/opt/airflow/dags/data_ingestion_gcs_dag.py                           0           1  0.93s           2022-12-01T05:03:46
================================================================================
[2022-12-01T05:04:44.205+0000] {manager.py:846} INFO - 
================================================================================
DAG File Processing Stats

File Path                                      PID  Runtime      # DAGs    # Errors  Last Runtime    Last Run
-------------------------------------------  -----  ---------  --------  ----------  --------------  -------------------
/opt/airflow/dags/data_ingestion_gcs_dag.py   3310  0.01s             0           1  0.93s           2022-12-01T05:04:17
================================================================================
[2022-12-01T05:05:14.236+0000] {manager.py:520} INFO - DAG data_ingestion_gcs_dag is missing and will be deactivated.
[2022-12-01T05:05:14.241+0000] {manager.py:530} INFO - Deactivated 1 DAGs which are no longer present in file.
[2022-12-01T05:05:14.244+0000] {manager.py:534} INFO - Deleted DAG data_ingestion_gcs_dag in serialized_dag table
[2022-12-01T05:05:14.248+0000] {manager.py:846} INFO - 
================================================================================
DAG File Processing Stats

File Path                                    PID    Runtime      # DAGs    # Errors  Last Runtime    Last Run
-------------------------------------------  -----  ---------  --------  ----------  --------------  -------------------
/opt/airflow/dags/data_ingestion_gcs_dag.py                           0           1  0.92s           2022-12-01T05:05:04
================================================================================
[2022-12-01T05:05:44.330+0000] {manager.py:846} INFO - 
================================================================================
DAG File Processing Stats

File Path                                    PID    Runtime      # DAGs    # Errors  Last Runtime    Last Run
-------------------------------------------  -----  ---------  --------  ----------  --------------  -------------------
/opt/airflow/dags/data_ingestion_gcs_dag.py                           0           1  0.94s           2022-12-01T05:05:35
================================================================================
[2022-12-01T05:06:14.479+0000] {manager.py:846} INFO - 
================================================================================
DAG File Processing Stats

File Path                                    PID    Runtime      # DAGs    # Errors  Last Runtime    Last Run
-------------------------------------------  -----  ---------  --------  ----------  --------------  -------------------
/opt/airflow/dags/data_ingestion_gcs_dag.py                           0           1  1.03s           2022-12-01T05:06:06
================================================================================
[2022-12-01T05:06:44.537+0000] {manager.py:846} INFO - 
================================================================================
DAG File Processing Stats

File Path                                    PID    Runtime      # DAGs    # Errors  Last Runtime    Last Run
-------------------------------------------  -----  ---------  --------  ----------  --------------  -------------------
/opt/airflow/dags/data_ingestion_gcs_dag.py                           0           1  0.92s           2022-12-01T05:06:37
================================================================================
[2022-12-01T05:07:14.559+0000] {manager.py:846} INFO - 
================================================================================
DAG File Processing Stats

File Path                                    PID    Runtime      # DAGs    # Errors  Last Runtime    Last Run
-------------------------------------------  -----  ---------  --------  ----------  --------------  -------------------
/opt/airflow/dags/data_ingestion_gcs_dag.py                           0           1  0.88s           2022-12-01T05:07:08
================================================================================
[2022-12-01T05:07:44.698+0000] {manager.py:846} INFO - 
================================================================================
DAG File Processing Stats

File Path                                    PID    Runtime      # DAGs    # Errors  Last Runtime    Last Run
-------------------------------------------  -----  ---------  --------  ----------  --------------  -------------------
/opt/airflow/dags/data_ingestion_gcs_dag.py                           0           1  1.00s           2022-12-01T05:07:39
================================================================================
[2022-12-01T05:07:59.763+0000] {manager.py:724} INFO - Searching for files in /opt/airflow/dags
[2022-12-01T05:07:59.764+0000] {manager.py:727} INFO - There are 1 files in /opt/airflow/dags
[2022-12-01T05:08:14.788+0000] {manager.py:846} INFO - 
================================================================================
DAG File Processing Stats

File Path                                    PID    Runtime      # DAGs    # Errors  Last Runtime    Last Run
-------------------------------------------  -----  ---------  --------  ----------  --------------  -------------------
/opt/airflow/dags/data_ingestion_gcs_dag.py                           0           1  0.94s           2022-12-01T05:08:10
================================================================================
[2022-12-01T05:08:44.874+0000] {manager.py:846} INFO - 
================================================================================
DAG File Processing Stats

File Path                                    PID    Runtime      # DAGs    # Errors  Last Runtime    Last Run
-------------------------------------------  -----  ---------  --------  ----------  --------------  -------------------
/opt/airflow/dags/data_ingestion_gcs_dag.py                           0           1  0.95s           2022-12-01T05:08:41
================================================================================
[2022-12-01T05:09:14.956+0000] {manager.py:846} INFO - 
================================================================================
DAG File Processing Stats

File Path                                    PID    Runtime      # DAGs    # Errors  Last Runtime    Last Run
-------------------------------------------  -----  ---------  --------  ----------  --------------  -------------------
/opt/airflow/dags/data_ingestion_gcs_dag.py                           0           1  0.95s           2022-12-01T05:09:12
================================================================================
[2022-12-01T05:09:45.088+0000] {manager.py:846} INFO - 
================================================================================
DAG File Processing Stats

File Path                                    PID    Runtime      # DAGs    # Errors  Last Runtime    Last Run
-------------------------------------------  -----  ---------  --------  ----------  --------------  -------------------
/opt/airflow/dags/data_ingestion_gcs_dag.py                           0           1  0.94s           2022-12-01T05:09:26
================================================================================
[2022-12-01T05:10:15.230+0000] {manager.py:846} INFO - 
================================================================================
DAG File Processing Stats

File Path                                    PID    Runtime      # DAGs    # Errors  Last Runtime    Last Run
-------------------------------------------  -----  ---------  --------  ----------  --------------  -------------------
/opt/airflow/dags/data_ingestion_gcs_dag.py                           0           1  0.91s           2022-12-01T05:09:57
================================================================================
[2022-12-01T05:10:45.350+0000] {manager.py:846} INFO - 
================================================================================
DAG File Processing Stats

File Path                                    PID    Runtime      # DAGs    # Errors  Last Runtime    Last Run
-------------------------------------------  -----  ---------  --------  ----------  --------------  -------------------
/opt/airflow/dags/data_ingestion_gcs_dag.py                           0           1  0.98s           2022-12-01T05:10:28
================================================================================
[2022-12-01T05:11:15.372+0000] {manager.py:846} INFO - 
================================================================================
DAG File Processing Stats

File Path                                    PID    Runtime      # DAGs    # Errors  Last Runtime    Last Run
-------------------------------------------  -----  ---------  --------  ----------  --------------  -------------------
/opt/airflow/dags/data_ingestion_gcs_dag.py                           0           1  0.98s           2022-12-01T05:11:05
================================================================================
[2022-12-01T05:11:45.861+0000] {manager.py:846} INFO - 
================================================================================
DAG File Processing Stats

File Path                                    PID    Runtime      # DAGs    # Errors  Last Runtime    Last Run
-------------------------------------------  -----  ---------  --------  ----------  --------------  -------------------
/opt/airflow/dags/data_ingestion_gcs_dag.py                           0           1  0.96s           2022-12-01T05:11:44
================================================================================
[2022-12-01T05:12:15.999+0000] {manager.py:846} INFO - 
================================================================================
DAG File Processing Stats

File Path                                    PID    Runtime      # DAGs    # Errors  Last Runtime    Last Run
-------------------------------------------  -----  ---------  --------  ----------  --------------  -------------------
/opt/airflow/dags/data_ingestion_gcs_dag.py                           1           0  1.00s           2022-12-01T05:11:53
================================================================================
[2022-12-01T05:12:46.147+0000] {manager.py:846} INFO - 
================================================================================
DAG File Processing Stats

File Path                                    PID    Runtime      # DAGs    # Errors  Last Runtime    Last Run
-------------------------------------------  -----  ---------  --------  ----------  --------------  -------------------
/opt/airflow/dags/data_ingestion_gcs_dag.py                           1           0  1.05s           2022-12-01T05:12:25
================================================================================
[2022-12-01T05:13:00.233+0000] {manager.py:724} INFO - Searching for files in /opt/airflow/dags
[2022-12-01T05:13:00.235+0000] {manager.py:727} INFO - There are 1 files in /opt/airflow/dags
[2022-12-01T05:13:16.326+0000] {manager.py:846} INFO - 
================================================================================
DAG File Processing Stats

File Path                                    PID    Runtime      # DAGs    # Errors  Last Runtime    Last Run
-------------------------------------------  -----  ---------  --------  ----------  --------------  -------------------
/opt/airflow/dags/data_ingestion_gcs_dag.py                           1           0  1.13s           2022-12-01T05:12:56
================================================================================
[2022-12-01T05:13:46.478+0000] {manager.py:846} INFO - 
================================================================================
DAG File Processing Stats

File Path                                    PID    Runtime      # DAGs    # Errors  Last Runtime    Last Run
-------------------------------------------  -----  ---------  --------  ----------  --------------  -------------------
/opt/airflow/dags/data_ingestion_gcs_dag.py                           1           0  1.05s           2022-12-01T05:13:27
================================================================================
[2022-12-01T05:14:16.587+0000] {manager.py:846} INFO - 
================================================================================
DAG File Processing Stats

File Path                                    PID    Runtime      # DAGs    # Errors  Last Runtime    Last Run
-------------------------------------------  -----  ---------  --------  ----------  --------------  -------------------
/opt/airflow/dags/data_ingestion_gcs_dag.py                           1           0  0.96s           2022-12-01T05:13:58
================================================================================
[2022-12-01T05:14:46.754+0000] {manager.py:846} INFO - 
================================================================================
DAG File Processing Stats

File Path                                    PID    Runtime      # DAGs    # Errors  Last Runtime    Last Run
-------------------------------------------  -----  ---------  --------  ----------  --------------  -------------------
/opt/airflow/dags/data_ingestion_gcs_dag.py                           1           0  1.09s           2022-12-01T05:14:29
================================================================================
[2022-12-01T05:15:16.904+0000] {manager.py:846} INFO - 
================================================================================
DAG File Processing Stats

File Path                                    PID    Runtime      # DAGs    # Errors  Last Runtime    Last Run
-------------------------------------------  -----  ---------  --------  ----------  --------------  -------------------
/opt/airflow/dags/data_ingestion_gcs_dag.py                           1           0  1.01s           2022-12-01T05:15:00
================================================================================
[2022-12-01T05:15:47.067+0000] {manager.py:846} INFO - 
================================================================================
DAG File Processing Stats

File Path                                    PID    Runtime      # DAGs    # Errors  Last Runtime    Last Run
-------------------------------------------  -----  ---------  --------  ----------  --------------  -------------------
/opt/airflow/dags/data_ingestion_gcs_dag.py                           1           0  1.31s           2022-12-01T05:15:32
================================================================================
[2022-12-01T05:16:17.207+0000] {manager.py:846} INFO - 
================================================================================
DAG File Processing Stats

File Path                                    PID    Runtime      # DAGs    # Errors  Last Runtime    Last Run
-------------------------------------------  -----  ---------  --------  ----------  --------------  -------------------
/opt/airflow/dags/data_ingestion_gcs_dag.py                           1           0  0.98s           2022-12-01T05:16:03
================================================================================
[2022-12-01T05:16:47.350+0000] {manager.py:846} INFO - 
================================================================================
DAG File Processing Stats

File Path                                    PID    Runtime      # DAGs    # Errors  Last Runtime    Last Run
-------------------------------------------  -----  ---------  --------  ----------  --------------  -------------------
/opt/airflow/dags/data_ingestion_gcs_dag.py                           1           0  1.00s           2022-12-01T05:16:34
================================================================================
[2022-12-01T05:17:17.489+0000] {manager.py:846} INFO - 
================================================================================
DAG File Processing Stats

File Path                                    PID    Runtime      # DAGs    # Errors  Last Runtime    Last Run
-------------------------------------------  -----  ---------  --------  ----------  --------------  -------------------
/opt/airflow/dags/data_ingestion_gcs_dag.py                           1           0  0.97s           2022-12-01T05:17:05
================================================================================
[2022-12-01T05:17:47.625+0000] {manager.py:846} INFO - 
================================================================================
DAG File Processing Stats

File Path                                    PID    Runtime      # DAGs    # Errors  Last Runtime    Last Run
-------------------------------------------  -----  ---------  --------  ----------  --------------  -------------------
/opt/airflow/dags/data_ingestion_gcs_dag.py                           1           0  0.99s           2022-12-01T05:17:36
================================================================================
[2022-12-01T05:18:00.682+0000] {manager.py:724} INFO - Searching for files in /opt/airflow/dags
[2022-12-01T05:18:00.683+0000] {manager.py:727} INFO - There are 1 files in /opt/airflow/dags
[2022-12-01T05:18:17.743+0000] {manager.py:846} INFO - 
================================================================================
DAG File Processing Stats

File Path                                    PID    Runtime      # DAGs    # Errors  Last Runtime    Last Run
-------------------------------------------  -----  ---------  --------  ----------  --------------  -------------------
/opt/airflow/dags/data_ingestion_gcs_dag.py                           1           0  0.97s           2022-12-01T05:18:07
================================================================================
[2022-12-01T05:18:47.847+0000] {manager.py:846} INFO - 
================================================================================
DAG File Processing Stats

File Path                                    PID    Runtime      # DAGs    # Errors  Last Runtime    Last Run
-------------------------------------------  -----  ---------  --------  ----------  --------------  -------------------
/opt/airflow/dags/data_ingestion_gcs_dag.py                           1           0  0.96s           2022-12-01T05:18:38
================================================================================
[2022-12-01T05:19:17.990+0000] {manager.py:846} INFO - 
================================================================================
DAG File Processing Stats

File Path                                    PID    Runtime      # DAGs    # Errors  Last Runtime    Last Run
-------------------------------------------  -----  ---------  --------  ----------  --------------  -------------------
/opt/airflow/dags/data_ingestion_gcs_dag.py                           1           0  1.07s           2022-12-01T05:19:10
================================================================================
[2022-12-01T05:19:48.138+0000] {manager.py:846} INFO - 
================================================================================
DAG File Processing Stats

File Path                                    PID    Runtime      # DAGs    # Errors  Last Runtime    Last Run
-------------------------------------------  -----  ---------  --------  ----------  --------------  -------------------
/opt/airflow/dags/data_ingestion_gcs_dag.py                           1           0  1.01s           2022-12-01T05:19:41
================================================================================
[2022-12-01T05:20:18.304+0000] {manager.py:846} INFO - 
================================================================================
DAG File Processing Stats

File Path                                    PID    Runtime      # DAGs    # Errors  Last Runtime    Last Run
-------------------------------------------  -----  ---------  --------  ----------  --------------  -------------------
/opt/airflow/dags/data_ingestion_gcs_dag.py                           1           0  1.06s           2022-12-01T05:20:12
================================================================================
[2022-12-01T05:20:48.416+0000] {manager.py:846} INFO - 
================================================================================
DAG File Processing Stats

File Path                                    PID    Runtime      # DAGs    # Errors  Last Runtime    Last Run
-------------------------------------------  -----  ---------  --------  ----------  --------------  -------------------
/opt/airflow/dags/data_ingestion_gcs_dag.py                           1           0  0.97s           2022-12-01T05:20:43
================================================================================
[2022-12-01T05:21:18.563+0000] {manager.py:846} INFO - 
================================================================================
DAG File Processing Stats

File Path                                    PID    Runtime      # DAGs    # Errors  Last Runtime    Last Run
-------------------------------------------  -----  ---------  --------  ----------  --------------  -------------------
/opt/airflow/dags/data_ingestion_gcs_dag.py                           1           0  1.01s           2022-12-01T05:21:14
================================================================================
[2022-12-01T05:21:48.723+0000] {manager.py:846} INFO - 
================================================================================
DAG File Processing Stats

File Path                                    PID    Runtime      # DAGs    # Errors  Last Runtime    Last Run
-------------------------------------------  -----  ---------  --------  ----------  --------------  -------------------
/opt/airflow/dags/data_ingestion_gcs_dag.py                           1           0  1.16s           2022-12-01T05:21:45
================================================================================
[2022-12-01T05:22:18.839+0000] {manager.py:846} INFO - 
================================================================================
DAG File Processing Stats

File Path                                    PID    Runtime      # DAGs    # Errors  Last Runtime    Last Run
-------------------------------------------  -----  ---------  --------  ----------  --------------  -------------------
/opt/airflow/dags/data_ingestion_gcs_dag.py                           1           0  0.98s           2022-12-01T05:22:16
================================================================================
[2022-12-01T05:22:48.979+0000] {manager.py:846} INFO - 
================================================================================
DAG File Processing Stats

File Path                                    PID    Runtime      # DAGs    # Errors  Last Runtime    Last Run
-------------------------------------------  -----  ---------  --------  ----------  --------------  -------------------
/opt/airflow/dags/data_ingestion_gcs_dag.py                           1           0  1.03s           2022-12-01T05:22:47
================================================================================
[2022-12-01T05:23:01.047+0000] {manager.py:724} INFO - Searching for files in /opt/airflow/dags
[2022-12-01T05:23:01.049+0000] {manager.py:727} INFO - There are 1 files in /opt/airflow/dags
[2022-12-01T05:23:19.125+0000] {manager.py:846} INFO - 
================================================================================
DAG File Processing Stats

File Path                                    PID    Runtime      # DAGs    # Errors  Last Runtime    Last Run
-------------------------------------------  -----  ---------  --------  ----------  --------------  -------------------
/opt/airflow/dags/data_ingestion_gcs_dag.py                           1           0  0.99s           2022-12-01T05:23:19
================================================================================
[2022-12-01T05:23:49.272+0000] {manager.py:846} INFO - 
================================================================================
DAG File Processing Stats

File Path                                      PID  Runtime      # DAGs    # Errors  Last Runtime    Last Run
-------------------------------------------  -----  ---------  --------  ----------  --------------  -------------------
/opt/airflow/dags/data_ingestion_gcs_dag.py   4260  0.01s             1           0  0.99s           2022-12-01T05:23:19
================================================================================
[2022-12-01T05:24:19.421+0000] {manager.py:846} INFO - 
================================================================================
DAG File Processing Stats

File Path                                    PID    Runtime      # DAGs    # Errors  Last Runtime    Last Run
-------------------------------------------  -----  ---------  --------  ----------  --------------  -------------------
/opt/airflow/dags/data_ingestion_gcs_dag.py                           1           0  1.04s           2022-12-01T05:23:50
================================================================================
[2022-12-01T05:24:49.564+0000] {manager.py:846} INFO - 
================================================================================
DAG File Processing Stats

File Path                                    PID    Runtime      # DAGs    # Errors  Last Runtime    Last Run
-------------------------------------------  -----  ---------  --------  ----------  --------------  -------------------
/opt/airflow/dags/data_ingestion_gcs_dag.py                           1           0  1.42s           2022-12-01T05:24:21
================================================================================
[2022-12-01T05:25:20.106+0000] {manager.py:846} INFO - 
================================================================================
DAG File Processing Stats

File Path                                    PID    Runtime      # DAGs    # Errors  Last Runtime    Last Run
-------------------------------------------  -----  ---------  --------  ----------  --------------  -------------------
/opt/airflow/dags/data_ingestion_gcs_dag.py                           1           0  1.01s           2022-12-01T05:24:52
================================================================================
[2022-12-01T05:25:50.223+0000] {manager.py:846} INFO - 
================================================================================
DAG File Processing Stats

File Path                                    PID    Runtime      # DAGs    # Errors  Last Runtime    Last Run
-------------------------------------------  -----  ---------  --------  ----------  --------------  -------------------
/opt/airflow/dags/data_ingestion_gcs_dag.py                           1           0  0.98s           2022-12-01T05:25:24
================================================================================
[2022-12-01T05:26:20.386+0000] {manager.py:846} INFO - 
================================================================================
DAG File Processing Stats

File Path                                    PID    Runtime      # DAGs    # Errors  Last Runtime    Last Run
-------------------------------------------  -----  ---------  --------  ----------  --------------  -------------------
/opt/airflow/dags/data_ingestion_gcs_dag.py                           1           0  1.03s           2022-12-01T05:25:55
================================================================================
[2022-12-01T05:26:50.487+0000] {manager.py:846} INFO - 
================================================================================
DAG File Processing Stats

File Path                                    PID    Runtime      # DAGs    # Errors  Last Runtime    Last Run
-------------------------------------------  -----  ---------  --------  ----------  --------------  -------------------
/opt/airflow/dags/data_ingestion_gcs_dag.py                           1           0  0.96s           2022-12-01T05:26:26
================================================================================
[2022-12-01T05:27:20.646+0000] {manager.py:846} INFO - 
================================================================================
DAG File Processing Stats

File Path                                    PID    Runtime      # DAGs    # Errors  Last Runtime    Last Run
-------------------------------------------  -----  ---------  --------  ----------  --------------  -------------------
/opt/airflow/dags/data_ingestion_gcs_dag.py                           1           0  1.37s           2022-12-01T05:26:57
================================================================================
[2022-12-01T05:27:51.126+0000] {manager.py:846} INFO - 
================================================================================
DAG File Processing Stats

File Path                                    PID    Runtime      # DAGs    # Errors  Last Runtime    Last Run
-------------------------------------------  -----  ---------  --------  ----------  --------------  -------------------
/opt/airflow/dags/data_ingestion_gcs_dag.py                           1           0  1.06s           2022-12-01T05:27:29
================================================================================
[2022-12-01T05:28:01.152+0000] {manager.py:724} INFO - Searching for files in /opt/airflow/dags
[2022-12-01T05:28:01.154+0000] {manager.py:727} INFO - There are 1 files in /opt/airflow/dags
[2022-12-01T05:28:21.268+0000] {manager.py:846} INFO - 
================================================================================
DAG File Processing Stats

File Path                                    PID    Runtime      # DAGs    # Errors  Last Runtime    Last Run
-------------------------------------------  -----  ---------  --------  ----------  --------------  -------------------
/opt/airflow/dags/data_ingestion_gcs_dag.py                           1           0  0.98s           2022-12-01T05:28:00
================================================================================
[2022-12-01T05:28:51.404+0000] {manager.py:846} INFO - 
================================================================================
DAG File Processing Stats

File Path                                    PID    Runtime      # DAGs    # Errors  Last Runtime    Last Run
-------------------------------------------  -----  ---------  --------  ----------  --------------  -------------------
/opt/airflow/dags/data_ingestion_gcs_dag.py                           1           0  0.99s           2022-12-01T05:28:31
================================================================================
[2022-12-01T05:29:21.540+0000] {manager.py:846} INFO - 
================================================================================
DAG File Processing Stats

File Path                                    PID    Runtime      # DAGs    # Errors  Last Runtime    Last Run
-------------------------------------------  -----  ---------  --------  ----------  --------------  -------------------
/opt/airflow/dags/data_ingestion_gcs_dag.py                           1           0  0.99s           2022-12-01T05:29:02
================================================================================
[2022-12-01T05:29:51.698+0000] {manager.py:846} INFO - 
================================================================================
DAG File Processing Stats

File Path                                    PID    Runtime      # DAGs    # Errors  Last Runtime    Last Run
-------------------------------------------  -----  ---------  --------  ----------  --------------  -------------------
/opt/airflow/dags/data_ingestion_gcs_dag.py                           1           0  1.09s           2022-12-01T05:29:33
================================================================================
[2022-12-01T05:30:21.853+0000] {manager.py:846} INFO - 
================================================================================
DAG File Processing Stats

File Path                                    PID    Runtime      # DAGs    # Errors  Last Runtime    Last Run
-------------------------------------------  -----  ---------  --------  ----------  --------------  -------------------
/opt/airflow/dags/data_ingestion_gcs_dag.py                           1           0  1.00s           2022-12-01T05:30:04
================================================================================
[2022-12-01T05:30:51.989+0000] {manager.py:846} INFO - 
================================================================================
DAG File Processing Stats

File Path                                    PID    Runtime      # DAGs    # Errors  Last Runtime    Last Run
-------------------------------------------  -----  ---------  --------  ----------  --------------  -------------------
/opt/airflow/dags/data_ingestion_gcs_dag.py                           1           0  1.00s           2022-12-01T05:30:35
================================================================================
[2022-12-01T05:31:22.146+0000] {manager.py:846} INFO - 
================================================================================
DAG File Processing Stats

File Path                                    PID    Runtime      # DAGs    # Errors  Last Runtime    Last Run
-------------------------------------------  -----  ---------  --------  ----------  --------------  -------------------
/opt/airflow/dags/data_ingestion_gcs_dag.py                           1           0  1.02s           2022-12-01T05:31:07
================================================================================
[2022-12-01T05:31:52.301+0000] {manager.py:846} INFO - 
================================================================================
DAG File Processing Stats

File Path                                    PID    Runtime      # DAGs    # Errors  Last Runtime    Last Run
-------------------------------------------  -----  ---------  --------  ----------  --------------  -------------------
/opt/airflow/dags/data_ingestion_gcs_dag.py                           1           0  1.02s           2022-12-01T05:31:38
================================================================================
[2022-12-01T05:32:22.466+0000] {manager.py:846} INFO - 
================================================================================
DAG File Processing Stats

File Path                                    PID    Runtime      # DAGs    # Errors  Last Runtime    Last Run
-------------------------------------------  -----  ---------  --------  ----------  --------------  -------------------
/opt/airflow/dags/data_ingestion_gcs_dag.py                           1           0  1.13s           2022-12-01T05:32:09
================================================================================
[2022-12-01T05:32:52.618+0000] {manager.py:846} INFO - 
================================================================================
DAG File Processing Stats

File Path                                    PID    Runtime      # DAGs    # Errors  Last Runtime    Last Run
-------------------------------------------  -----  ---------  --------  ----------  --------------  -------------------
/opt/airflow/dags/data_ingestion_gcs_dag.py                           1           0  1.01s           2022-12-01T05:32:40
================================================================================
[2022-12-01T05:33:01.663+0000] {manager.py:724} INFO - Searching for files in /opt/airflow/dags
[2022-12-01T05:33:01.665+0000] {manager.py:727} INFO - There are 1 files in /opt/airflow/dags
[2022-12-01T05:33:22.796+0000] {manager.py:846} INFO - 
================================================================================
DAG File Processing Stats

File Path                                    PID    Runtime      # DAGs    # Errors  Last Runtime    Last Run
-------------------------------------------  -----  ---------  --------  ----------  --------------  -------------------
/opt/airflow/dags/data_ingestion_gcs_dag.py                           1           0  1.13s           2022-12-01T05:33:11
================================================================================
[2022-12-01T05:33:52.936+0000] {manager.py:846} INFO - 
================================================================================
DAG File Processing Stats

File Path                                    PID    Runtime      # DAGs    # Errors  Last Runtime    Last Run
-------------------------------------------  -----  ---------  --------  ----------  --------------  -------------------
/opt/airflow/dags/data_ingestion_gcs_dag.py                           1           0  1.00s           2022-12-01T05:33:42
================================================================================
[2022-12-01T05:34:23.137+0000] {manager.py:846} INFO - 
================================================================================
DAG File Processing Stats

File Path                                    PID    Runtime      # DAGs    # Errors  Last Runtime    Last Run
-------------------------------------------  -----  ---------  --------  ----------  --------------  -------------------
/opt/airflow/dags/data_ingestion_gcs_dag.py                           1           0  1.21s           2022-12-01T05:34:14
================================================================================
[2022-12-01T05:34:53.288+0000] {manager.py:846} INFO - 
================================================================================
DAG File Processing Stats

File Path                                    PID    Runtime      # DAGs    # Errors  Last Runtime    Last Run
-------------------------------------------  -----  ---------  --------  ----------  --------------  -------------------
/opt/airflow/dags/data_ingestion_gcs_dag.py                           1           0  1.02s           2022-12-01T05:34:45
================================================================================
[2022-12-01T05:35:23.437+0000] {manager.py:846} INFO - 
================================================================================
DAG File Processing Stats

File Path                                    PID    Runtime      # DAGs    # Errors  Last Runtime    Last Run
-------------------------------------------  -----  ---------  --------  ----------  --------------  -------------------
/opt/airflow/dags/data_ingestion_gcs_dag.py                           1           0  1.01s           2022-12-01T05:35:16
================================================================================
[2022-12-01T05:35:53.578+0000] {manager.py:846} INFO - 
================================================================================
DAG File Processing Stats

File Path                                    PID    Runtime      # DAGs    # Errors  Last Runtime    Last Run
-------------------------------------------  -----  ---------  --------  ----------  --------------  -------------------
/opt/airflow/dags/data_ingestion_gcs_dag.py                           1           0  1.00s           2022-12-01T05:35:47
================================================================================
[2022-12-01T05:36:23.706+0000] {manager.py:846} INFO - 
================================================================================
DAG File Processing Stats

File Path                                    PID    Runtime      # DAGs    # Errors  Last Runtime    Last Run
-------------------------------------------  -----  ---------  --------  ----------  --------------  -------------------
/opt/airflow/dags/data_ingestion_gcs_dag.py                           1           0  0.98s           2022-12-01T05:36:18
================================================================================
[2022-12-01T05:36:53.874+0000] {manager.py:846} INFO - 
================================================================================
DAG File Processing Stats

File Path                                    PID    Runtime      # DAGs    # Errors  Last Runtime    Last Run
-------------------------------------------  -----  ---------  --------  ----------  --------------  -------------------
/opt/airflow/dags/data_ingestion_gcs_dag.py                           1           0  1.46s           2022-12-01T05:36:50
================================================================================
[2022-12-01T05:37:24.446+0000] {manager.py:846} INFO - 
================================================================================
DAG File Processing Stats

File Path                                    PID    Runtime      # DAGs    # Errors  Last Runtime    Last Run
-------------------------------------------  -----  ---------  --------  ----------  --------------  -------------------
/opt/airflow/dags/data_ingestion_gcs_dag.py                           1           0  1.03s           2022-12-01T05:37:21
================================================================================
[2022-12-01T05:37:54.593+0000] {manager.py:846} INFO - 
================================================================================
DAG File Processing Stats

File Path                                    PID    Runtime      # DAGs    # Errors  Last Runtime    Last Run
-------------------------------------------  -----  ---------  --------  ----------  --------------  -------------------
/opt/airflow/dags/data_ingestion_gcs_dag.py                           1           0  1.00s           2022-12-01T05:37:52
================================================================================
[2022-12-01T05:38:02.632+0000] {manager.py:724} INFO - Searching for files in /opt/airflow/dags
[2022-12-01T05:38:02.634+0000] {manager.py:727} INFO - There are 1 files in /opt/airflow/dags
[2022-12-01T05:38:24.724+0000] {manager.py:846} INFO - 
================================================================================
DAG File Processing Stats

File Path                                    PID    Runtime      # DAGs    # Errors  Last Runtime    Last Run
-------------------------------------------  -----  ---------  --------  ----------  --------------  -------------------
/opt/airflow/dags/data_ingestion_gcs_dag.py                           1           0  0.98s           2022-12-01T05:38:23
================================================================================
[2022-12-01T05:38:54.877+0000] {manager.py:846} INFO - 
================================================================================
DAG File Processing Stats

File Path                                    PID    Runtime      # DAGs    # Errors  Last Runtime    Last Run
-------------------------------------------  -----  ---------  --------  ----------  --------------  -------------------
/opt/airflow/dags/data_ingestion_gcs_dag.py                           1           0  1.01s           2022-12-01T05:38:54
================================================================================
[2022-12-01T05:39:25.025+0000] {manager.py:846} INFO - 
================================================================================
DAG File Processing Stats

File Path                                      PID  Runtime      # DAGs    # Errors  Last Runtime    Last Run
-------------------------------------------  -----  ---------  --------  ----------  --------------  -------------------
/opt/airflow/dags/data_ingestion_gcs_dag.py   5031  0.01s             1           0  1.01s           2022-12-01T05:38:54
================================================================================
[2022-12-01T05:39:55.164+0000] {manager.py:846} INFO - 
================================================================================
DAG File Processing Stats

File Path                                    PID    Runtime      # DAGs    # Errors  Last Runtime    Last Run
-------------------------------------------  -----  ---------  --------  ----------  --------------  -------------------
/opt/airflow/dags/data_ingestion_gcs_dag.py                           1           0  1.39s           2022-12-01T05:39:26
================================================================================
[2022-12-01T05:40:25.306+0000] {manager.py:846} INFO - 
================================================================================
DAG File Processing Stats

File Path                                    PID    Runtime      # DAGs    # Errors  Last Runtime    Last Run
-------------------------------------------  -----  ---------  --------  ----------  --------------  -------------------
/opt/airflow/dags/data_ingestion_gcs_dag.py                           1           0  0.97s           2022-12-01T05:39:57
================================================================================
[2022-12-01T05:40:55.758+0000] {manager.py:846} INFO - 
================================================================================
DAG File Processing Stats

File Path                                    PID    Runtime      # DAGs    # Errors  Last Runtime    Last Run
-------------------------------------------  -----  ---------  --------  ----------  --------------  -------------------
/opt/airflow/dags/data_ingestion_gcs_dag.py                           1           0  1.02s           2022-12-01T05:40:28
================================================================================
[2022-12-01T05:41:25.909+0000] {manager.py:846} INFO - 
================================================================================
DAG File Processing Stats

File Path                                    PID    Runtime      # DAGs    # Errors  Last Runtime    Last Run
-------------------------------------------  -----  ---------  --------  ----------  --------------  -------------------
/opt/airflow/dags/data_ingestion_gcs_dag.py                           1           0  1.01s           2022-12-01T05:40:59
================================================================================
[2022-12-01T05:41:56.002+0000] {manager.py:846} INFO - 
================================================================================
DAG File Processing Stats

File Path                                    PID    Runtime      # DAGs    # Errors  Last Runtime    Last Run
-------------------------------------------  -----  ---------  --------  ----------  --------------  -------------------
/opt/airflow/dags/data_ingestion_gcs_dag.py                           1           0  0.96s           2022-12-01T05:41:30
================================================================================
[2022-12-01T05:42:26.175+0000] {manager.py:846} INFO - 
================================================================================
DAG File Processing Stats

File Path                                    PID    Runtime      # DAGs    # Errors  Last Runtime    Last Run
-------------------------------------------  -----  ---------  --------  ----------  --------------  -------------------
/opt/airflow/dags/data_ingestion_gcs_dag.py                           1           0  1.41s           2022-12-01T05:42:02
================================================================================
[2022-12-01T05:42:56.309+0000] {manager.py:846} INFO - 
================================================================================
DAG File Processing Stats

File Path                                    PID    Runtime      # DAGs    # Errors  Last Runtime    Last Run
-------------------------------------------  -----  ---------  --------  ----------  --------------  -------------------
/opt/airflow/dags/data_ingestion_gcs_dag.py                           1           0  1.00s           2022-12-01T05:42:33
================================================================================
[2022-12-01T05:43:02.685+0000] {manager.py:724} INFO - Searching for files in /opt/airflow/dags
[2022-12-01T05:43:02.687+0000] {manager.py:727} INFO - There are 1 files in /opt/airflow/dags
[2022-12-01T05:43:26.453+0000] {manager.py:846} INFO - 
================================================================================
DAG File Processing Stats

File Path                                    PID    Runtime      # DAGs    # Errors  Last Runtime    Last Run
-------------------------------------------  -----  ---------  --------  ----------  --------------  -------------------
/opt/airflow/dags/data_ingestion_gcs_dag.py                           1           0  1.01s           2022-12-01T05:43:04
================================================================================
[2022-12-01T05:43:56.951+0000] {manager.py:846} INFO - 
================================================================================
DAG File Processing Stats

File Path                                    PID    Runtime      # DAGs    # Errors  Last Runtime    Last Run
-------------------------------------------  -----  ---------  --------  ----------  --------------  -------------------
/opt/airflow/dags/data_ingestion_gcs_dag.py                           1           0  1.08s           2022-12-01T05:43:35
================================================================================
[2022-12-01T05:44:27.111+0000] {manager.py:846} INFO - 
================================================================================
DAG File Processing Stats

File Path                                    PID    Runtime      # DAGs    # Errors  Last Runtime    Last Run
-------------------------------------------  -----  ---------  --------  ----------  --------------  -------------------
/opt/airflow/dags/data_ingestion_gcs_dag.py                           1           0  1.03s           2022-12-01T05:44:07
================================================================================
[2022-12-01T05:44:57.267+0000] {manager.py:846} INFO - 
================================================================================
DAG File Processing Stats

File Path                                    PID    Runtime      # DAGs    # Errors  Last Runtime    Last Run
-------------------------------------------  -----  ---------  --------  ----------  --------------  -------------------
/opt/airflow/dags/data_ingestion_gcs_dag.py                           1           0  1.15s           2022-12-01T05:44:38
================================================================================
[2022-12-01T05:45:27.413+0000] {manager.py:846} INFO - 
================================================================================
DAG File Processing Stats

File Path                                    PID    Runtime      # DAGs    # Errors  Last Runtime    Last Run
-------------------------------------------  -----  ---------  --------  ----------  --------------  -------------------
/opt/airflow/dags/data_ingestion_gcs_dag.py                           1           0  0.99s           2022-12-01T05:45:09
================================================================================
[2022-12-01T05:45:57.688+0000] {manager.py:846} INFO - 
================================================================================
DAG File Processing Stats

File Path                                    PID    Runtime      # DAGs    # Errors  Last Runtime    Last Run
-------------------------------------------  -----  ---------  --------  ----------  --------------  -------------------
/opt/airflow/dags/data_ingestion_gcs_dag.py                           1           0  1.24s           2022-12-01T05:45:40
================================================================================
[2022-12-01T05:46:27.843+0000] {manager.py:846} INFO - 
================================================================================
DAG File Processing Stats

File Path                                    PID    Runtime      # DAGs    # Errors  Last Runtime    Last Run
-------------------------------------------  -----  ---------  --------  ----------  --------------  -------------------
/opt/airflow/dags/data_ingestion_gcs_dag.py                           1           0  1.04s           2022-12-01T05:46:11
================================================================================
[2022-12-01T05:46:57.976+0000] {manager.py:846} INFO - 
================================================================================
DAG File Processing Stats

File Path                                    PID    Runtime      # DAGs    # Errors  Last Runtime    Last Run
-------------------------------------------  -----  ---------  --------  ----------  --------------  -------------------
/opt/airflow/dags/data_ingestion_gcs_dag.py                           1           0  0.99s           2022-12-01T05:46:42
================================================================================
[2022-12-01T05:47:28.134+0000] {manager.py:846} INFO - 
================================================================================
DAG File Processing Stats

File Path                                    PID    Runtime      # DAGs    # Errors  Last Runtime    Last Run
-------------------------------------------  -----  ---------  --------  ----------  --------------  -------------------
/opt/airflow/dags/data_ingestion_gcs_dag.py                           1           0  1.06s           2022-12-01T05:47:14
================================================================================
[2022-12-01T05:47:58.298+0000] {manager.py:846} INFO - 
================================================================================
DAG File Processing Stats

File Path                                    PID    Runtime      # DAGs    # Errors  Last Runtime    Last Run
-------------------------------------------  -----  ---------  --------  ----------  --------------  -------------------
/opt/airflow/dags/data_ingestion_gcs_dag.py                           1           0  1.25s           2022-12-01T05:47:45
================================================================================
[2022-12-01T05:48:03.321+0000] {manager.py:724} INFO - Searching for files in /opt/airflow/dags
[2022-12-01T05:48:03.323+0000] {manager.py:727} INFO - There are 1 files in /opt/airflow/dags
[2022-12-01T05:48:28.661+0000] {manager.py:846} INFO - 
================================================================================
DAG File Processing Stats

File Path                                    PID    Runtime      # DAGs    # Errors  Last Runtime    Last Run
-------------------------------------------  -----  ---------  --------  ----------  --------------  -------------------
/opt/airflow/dags/data_ingestion_gcs_dag.py                           1           0  1.44s           2022-12-01T05:48:17
================================================================================
[2022-12-01T05:48:59.224+0000] {manager.py:846} INFO - 
================================================================================
DAG File Processing Stats

File Path                                    PID    Runtime      # DAGs    # Errors  Last Runtime    Last Run
-------------------------------------------  -----  ---------  --------  ----------  --------------  -------------------
/opt/airflow/dags/data_ingestion_gcs_dag.py                           1           0  1.02s           2022-12-01T05:48:48
================================================================================
[2022-12-01T05:49:29.374+0000] {manager.py:846} INFO - 
================================================================================
DAG File Processing Stats

File Path                                    PID    Runtime      # DAGs    # Errors  Last Runtime    Last Run
-------------------------------------------  -----  ---------  --------  ----------  --------------  -------------------
/opt/airflow/dags/data_ingestion_gcs_dag.py                           1           0  1.00s           2022-12-01T05:49:19
================================================================================
[2022-12-01T05:49:59.516+0000] {manager.py:846} INFO - 
================================================================================
DAG File Processing Stats

File Path                                    PID    Runtime      # DAGs    # Errors  Last Runtime    Last Run
-------------------------------------------  -----  ---------  --------  ----------  --------------  -------------------
/opt/airflow/dags/data_ingestion_gcs_dag.py                           1           0  1.01s           2022-12-01T05:49:50
================================================================================
[2022-12-01T05:50:29.650+0000] {manager.py:846} INFO - 
================================================================================
DAG File Processing Stats

File Path                                    PID    Runtime      # DAGs    # Errors  Last Runtime    Last Run
-------------------------------------------  -----  ---------  --------  ----------  --------------  -------------------
/opt/airflow/dags/data_ingestion_gcs_dag.py                           1           0  1.00s           2022-12-01T05:50:21
================================================================================
[2022-12-01T05:50:59.812+0000] {manager.py:846} INFO - 
================================================================================
DAG File Processing Stats

File Path                                    PID    Runtime      # DAGs    # Errors  Last Runtime    Last Run
-------------------------------------------  -----  ---------  --------  ----------  --------------  -------------------
/opt/airflow/dags/data_ingestion_gcs_dag.py                           1           0  1.03s           2022-12-01T05:50:52
================================================================================
[2022-12-01T05:51:29.927+0000] {manager.py:846} INFO - 
================================================================================
DAG File Processing Stats

File Path                                    PID    Runtime      # DAGs    # Errors  Last Runtime    Last Run
-------------------------------------------  -----  ---------  --------  ----------  --------------  -------------------
/opt/airflow/dags/data_ingestion_gcs_dag.py                           1           0  0.97s           2022-12-01T05:51:23
================================================================================
[2022-12-01T05:52:00.080+0000] {manager.py:846} INFO - 
================================================================================
DAG File Processing Stats

File Path                                    PID    Runtime      # DAGs    # Errors  Last Runtime    Last Run
-------------------------------------------  -----  ---------  --------  ----------  --------------  -------------------
/opt/airflow/dags/data_ingestion_gcs_dag.py                           1           0  1.01s           2022-12-01T05:51:55
================================================================================
[2022-12-01T05:52:30.204+0000] {manager.py:846} INFO - 
================================================================================
DAG File Processing Stats

File Path                                    PID    Runtime      # DAGs    # Errors  Last Runtime    Last Run
-------------------------------------------  -----  ---------  --------  ----------  --------------  -------------------
/opt/airflow/dags/data_ingestion_gcs_dag.py                           1           0  0.99s           2022-12-01T05:52:26
================================================================================
[2022-12-01T05:53:00.374+0000] {manager.py:846} INFO - 
================================================================================
DAG File Processing Stats

File Path                                    PID    Runtime      # DAGs    # Errors  Last Runtime    Last Run
-------------------------------------------  -----  ---------  --------  ----------  --------------  -------------------
/opt/airflow/dags/data_ingestion_gcs_dag.py                           1           0  1.06s           2022-12-01T05:52:57
================================================================================
[2022-12-01T05:53:03.387+0000] {manager.py:724} INFO - Searching for files in /opt/airflow/dags
[2022-12-01T05:53:03.389+0000] {manager.py:727} INFO - There are 1 files in /opt/airflow/dags
[2022-12-01T05:53:30.534+0000] {manager.py:846} INFO - 
================================================================================
DAG File Processing Stats

File Path                                    PID    Runtime      # DAGs    # Errors  Last Runtime    Last Run
-------------------------------------------  -----  ---------  --------  ----------  --------------  -------------------
/opt/airflow/dags/data_ingestion_gcs_dag.py                           1           0  1.00s           2022-12-01T05:53:28
================================================================================
[2022-12-01T05:54:00.690+0000] {manager.py:846} INFO - 
================================================================================
DAG File Processing Stats

File Path                                    PID    Runtime      # DAGs    # Errors  Last Runtime    Last Run
-------------------------------------------  -----  ---------  --------  ----------  --------------  -------------------
/opt/airflow/dags/data_ingestion_gcs_dag.py                           1           0  1.02s           2022-12-01T05:53:59
================================================================================
[2022-12-01T05:54:30.814+0000] {manager.py:846} INFO - 
================================================================================
DAG File Processing Stats

File Path                                    PID    Runtime      # DAGs    # Errors  Last Runtime    Last Run
-------------------------------------------  -----  ---------  --------  ----------  --------------  -------------------
/opt/airflow/dags/data_ingestion_gcs_dag.py                           1           0  0.98s           2022-12-01T05:54:30
================================================================================
[2022-12-01T05:55:00.971+0000] {manager.py:846} INFO - 
================================================================================
DAG File Processing Stats

File Path                                      PID  Runtime      # DAGs    # Errors  Last Runtime    Last Run
-------------------------------------------  -----  ---------  --------  ----------  --------------  -------------------
/opt/airflow/dags/data_ingestion_gcs_dag.py   5795  0.01s             1           0  0.98s           2022-12-01T05:54:30
================================================================================
[2022-12-01T05:55:31.105+0000] {manager.py:846} INFO - 
================================================================================
DAG File Processing Stats

File Path                                    PID    Runtime      # DAGs    # Errors  Last Runtime    Last Run
-------------------------------------------  -----  ---------  --------  ----------  --------------  -------------------
/opt/airflow/dags/data_ingestion_gcs_dag.py                           1           0  1.01s           2022-12-01T05:55:01
================================================================================
[2022-12-01T05:56:01.247+0000] {manager.py:846} INFO - 
================================================================================
DAG File Processing Stats

File Path                                    PID    Runtime      # DAGs    # Errors  Last Runtime    Last Run
-------------------------------------------  -----  ---------  --------  ----------  --------------  -------------------
/opt/airflow/dags/data_ingestion_gcs_dag.py                           1           0  1.01s           2022-12-01T05:55:33
================================================================================
[2022-12-01T05:56:31.410+0000] {manager.py:846} INFO - 
================================================================================
DAG File Processing Stats

File Path                                    PID    Runtime      # DAGs    # Errors  Last Runtime    Last Run
-------------------------------------------  -----  ---------  --------  ----------  --------------  -------------------
/opt/airflow/dags/data_ingestion_gcs_dag.py                           1           0  1.02s           2022-12-01T05:56:04
================================================================================
[2022-12-01T05:57:01.566+0000] {manager.py:846} INFO - 
================================================================================
DAG File Processing Stats

File Path                                    PID    Runtime      # DAGs    # Errors  Last Runtime    Last Run
-------------------------------------------  -----  ---------  --------  ----------  --------------  -------------------
/opt/airflow/dags/data_ingestion_gcs_dag.py                           1           0  1.03s           2022-12-01T05:56:35
================================================================================
[2022-12-01T05:57:31.727+0000] {manager.py:846} INFO - 
================================================================================
DAG File Processing Stats

File Path                                    PID    Runtime      # DAGs    # Errors  Last Runtime    Last Run
-------------------------------------------  -----  ---------  --------  ----------  --------------  -------------------
/opt/airflow/dags/data_ingestion_gcs_dag.py                           1           0  1.03s           2022-12-01T05:57:06
================================================================================
[2022-12-01T05:58:01.881+0000] {manager.py:846} INFO - 
================================================================================
DAG File Processing Stats

File Path                                    PID    Runtime      # DAGs    # Errors  Last Runtime    Last Run
-------------------------------------------  -----  ---------  --------  ----------  --------------  -------------------
/opt/airflow/dags/data_ingestion_gcs_dag.py                           1           0  1.32s           2022-12-01T05:57:38
================================================================================
[2022-12-01T05:58:03.891+0000] {manager.py:724} INFO - Searching for files in /opt/airflow/dags
[2022-12-01T05:58:03.893+0000] {manager.py:727} INFO - There are 1 files in /opt/airflow/dags
[2022-12-01T05:58:32.041+0000] {manager.py:846} INFO - 
================================================================================
DAG File Processing Stats

File Path                                    PID    Runtime      # DAGs    # Errors  Last Runtime    Last Run
-------------------------------------------  -----  ---------  --------  ----------  --------------  -------------------
/opt/airflow/dags/data_ingestion_gcs_dag.py                           1           0  0.99s           2022-12-01T05:58:09
================================================================================
[2022-12-01T05:59:02.443+0000] {manager.py:846} INFO - 
================================================================================
DAG File Processing Stats

File Path                                    PID    Runtime      # DAGs    # Errors  Last Runtime    Last Run
-------------------------------------------  -----  ---------  --------  ----------  --------------  -------------------
/opt/airflow/dags/data_ingestion_gcs_dag.py                           1           0  1.42s           2022-12-01T05:58:40
================================================================================
[2022-12-01T05:59:32.579+0000] {manager.py:846} INFO - 
================================================================================
DAG File Processing Stats

File Path                                    PID    Runtime      # DAGs    # Errors  Last Runtime    Last Run
-------------------------------------------  -----  ---------  --------  ----------  --------------  -------------------
/opt/airflow/dags/data_ingestion_gcs_dag.py                           1           0  1.00s           2022-12-01T05:59:11
================================================================================
[2022-12-01T06:00:03.124+0000] {manager.py:846} INFO - 
================================================================================
DAG File Processing Stats

File Path                                    PID    Runtime      # DAGs    # Errors  Last Runtime    Last Run
-------------------------------------------  -----  ---------  --------  ----------  --------------  -------------------
/opt/airflow/dags/data_ingestion_gcs_dag.py                           1           0  1.22s           2022-12-01T05:59:43
================================================================================
[2022-12-01T06:00:33.464+0000] {manager.py:846} INFO - 
================================================================================
DAG File Processing Stats

File Path                                    PID    Runtime      # DAGs    # Errors  Last Runtime    Last Run
-------------------------------------------  -----  ---------  --------  ----------  --------------  -------------------
/opt/airflow/dags/data_ingestion_gcs_dag.py                           1           0  1.05s           2022-12-01T06:00:14
================================================================================
[2022-12-01T06:01:03.631+0000] {manager.py:846} INFO - 
================================================================================
DAG File Processing Stats

File Path                                    PID    Runtime      # DAGs    # Errors  Last Runtime    Last Run
-------------------------------------------  -----  ---------  --------  ----------  --------------  -------------------
/opt/airflow/dags/data_ingestion_gcs_dag.py                           1           0  1.21s           2022-12-01T06:00:45
================================================================================
[2022-12-01T06:01:33.945+0000] {manager.py:846} INFO - 
================================================================================
DAG File Processing Stats

File Path                                    PID    Runtime      # DAGs    # Errors  Last Runtime    Last Run
-------------------------------------------  -----  ---------  --------  ----------  --------------  -------------------
/opt/airflow/dags/data_ingestion_gcs_dag.py                           1           0  1.09s           2022-12-01T06:01:16
================================================================================
[2022-12-01T06:02:04.146+0000] {manager.py:846} INFO - 
================================================================================
DAG File Processing Stats

File Path                                    PID    Runtime      # DAGs    # Errors  Last Runtime    Last Run
-------------------------------------------  -----  ---------  --------  ----------  --------------  -------------------
/opt/airflow/dags/data_ingestion_gcs_dag.py                           1           0  1.07s           2022-12-01T06:01:48
================================================================================
[2022-12-01T06:02:34.308+0000] {manager.py:846} INFO - 
================================================================================
DAG File Processing Stats

File Path                                    PID    Runtime      # DAGs    # Errors  Last Runtime    Last Run
-------------------------------------------  -----  ---------  --------  ----------  --------------  -------------------
/opt/airflow/dags/data_ingestion_gcs_dag.py                           1           0  1.12s           2022-12-01T06:02:19
================================================================================
[2022-12-01T06:03:04.419+0000] {manager.py:724} INFO - Searching for files in /opt/airflow/dags
[2022-12-01T06:03:04.421+0000] {manager.py:727} INFO - There are 1 files in /opt/airflow/dags
[2022-12-01T06:03:04.432+0000] {manager.py:846} INFO - 
================================================================================
DAG File Processing Stats

File Path                                    PID    Runtime      # DAGs    # Errors  Last Runtime    Last Run
-------------------------------------------  -----  ---------  --------  ----------  --------------  -------------------
/opt/airflow/dags/data_ingestion_gcs_dag.py                           1           0  0.98s           2022-12-01T06:02:50
================================================================================
[2022-12-01T06:03:34.589+0000] {manager.py:846} INFO - 
================================================================================
DAG File Processing Stats

File Path                                    PID    Runtime      # DAGs    # Errors  Last Runtime    Last Run
-------------------------------------------  -----  ---------  --------  ----------  --------------  -------------------
/opt/airflow/dags/data_ingestion_gcs_dag.py                           1           0  1.03s           2022-12-01T06:03:21
================================================================================
[2022-12-01T06:04:04.744+0000] {manager.py:846} INFO - 
================================================================================
DAG File Processing Stats

File Path                                    PID    Runtime      # DAGs    # Errors  Last Runtime    Last Run
-------------------------------------------  -----  ---------  --------  ----------  --------------  -------------------
/opt/airflow/dags/data_ingestion_gcs_dag.py                           1           0  1.07s           2022-12-01T06:03:52
================================================================================
[2022-12-01T06:04:34.929+0000] {manager.py:846} INFO - 
================================================================================
DAG File Processing Stats

File Path                                    PID    Runtime      # DAGs    # Errors  Last Runtime    Last Run
-------------------------------------------  -----  ---------  --------  ----------  --------------  -------------------
/opt/airflow/dags/data_ingestion_gcs_dag.py                           1           0  1.12s           2022-12-01T06:04:23
================================================================================
[2022-12-01T06:05:05.126+0000] {manager.py:846} INFO - 
================================================================================
DAG File Processing Stats

File Path                                    PID    Runtime      # DAGs    # Errors  Last Runtime    Last Run
-------------------------------------------  -----  ---------  --------  ----------  --------------  -------------------
/opt/airflow/dags/data_ingestion_gcs_dag.py                           1           0  1.06s           2022-12-01T06:04:55
================================================================================
[2022-12-01T06:05:35.281+0000] {manager.py:846} INFO - 
================================================================================
DAG File Processing Stats

File Path                                    PID    Runtime      # DAGs    # Errors  Last Runtime    Last Run
-------------------------------------------  -----  ---------  --------  ----------  --------------  -------------------
/opt/airflow/dags/data_ingestion_gcs_dag.py                           1           0  1.03s           2022-12-01T06:05:26
================================================================================
[2022-12-01T06:06:05.405+0000] {manager.py:846} INFO - 
================================================================================
DAG File Processing Stats

File Path                                    PID    Runtime      # DAGs    # Errors  Last Runtime    Last Run
-------------------------------------------  -----  ---------  --------  ----------  --------------  -------------------
/opt/airflow/dags/data_ingestion_gcs_dag.py                           1           0  0.99s           2022-12-01T06:05:57
================================================================================
[2022-12-01T06:06:35.543+0000] {manager.py:846} INFO - 
================================================================================
DAG File Processing Stats

File Path                                    PID    Runtime      # DAGs    # Errors  Last Runtime    Last Run
-------------------------------------------  -----  ---------  --------  ----------  --------------  -------------------
/opt/airflow/dags/data_ingestion_gcs_dag.py                           1           0  1.00s           2022-12-01T06:06:28
================================================================================
[2022-12-01T06:07:05.644+0000] {manager.py:846} INFO - 
================================================================================
DAG File Processing Stats

File Path                                    PID    Runtime      # DAGs    # Errors  Last Runtime    Last Run
-------------------------------------------  -----  ---------  --------  ----------  --------------  -------------------
/opt/airflow/dags/data_ingestion_gcs_dag.py                           1           0  0.96s           2022-12-01T06:06:59
================================================================================
[2022-12-01T06:07:35.800+0000] {manager.py:846} INFO - 
================================================================================
DAG File Processing Stats

File Path                                    PID    Runtime      # DAGs    # Errors  Last Runtime    Last Run
-------------------------------------------  -----  ---------  --------  ----------  --------------  -------------------
/opt/airflow/dags/data_ingestion_gcs_dag.py                           1           0  1.01s           2022-12-01T06:07:30
================================================================================
[2022-12-01T06:08:04.953+0000] {manager.py:724} INFO - Searching for files in /opt/airflow/dags
[2022-12-01T06:08:04.954+0000] {manager.py:727} INFO - There are 1 files in /opt/airflow/dags
[2022-12-01T06:08:05.969+0000] {manager.py:846} INFO - 
================================================================================
DAG File Processing Stats

File Path                                    PID    Runtime      # DAGs    # Errors  Last Runtime    Last Run
-------------------------------------------  -----  ---------  --------  ----------  --------------  -------------------
/opt/airflow/dags/data_ingestion_gcs_dag.py                           1           0  1.03s           2022-12-01T06:08:01
================================================================================
[2022-12-01T06:08:36.080+0000] {manager.py:846} INFO - 
================================================================================
DAG File Processing Stats

File Path                                    PID    Runtime      # DAGs    # Errors  Last Runtime    Last Run
-------------------------------------------  -----  ---------  --------  ----------  --------------  -------------------
/opt/airflow/dags/data_ingestion_gcs_dag.py                           1           0  0.97s           2022-12-01T06:08:33
================================================================================
[2022-12-01T06:09:06.242+0000] {manager.py:846} INFO - 
================================================================================
DAG File Processing Stats

File Path                                    PID    Runtime      # DAGs    # Errors  Last Runtime    Last Run
-------------------------------------------  -----  ---------  --------  ----------  --------------  -------------------
/opt/airflow/dags/data_ingestion_gcs_dag.py                           1           0  1.45s           2022-12-01T06:09:04
================================================================================
[2022-12-01T06:09:36.374+0000] {manager.py:846} INFO - 
================================================================================
DAG File Processing Stats

File Path                                    PID    Runtime      # DAGs    # Errors  Last Runtime    Last Run
-------------------------------------------  -----  ---------  --------  ----------  --------------  -------------------
/opt/airflow/dags/data_ingestion_gcs_dag.py                           1           0  0.96s           2022-12-01T06:09:35
================================================================================
[2022-12-01T06:10:06.517+0000] {manager.py:846} INFO - 
================================================================================
DAG File Processing Stats

File Path                                      PID  Runtime      # DAGs    # Errors  Last Runtime    Last Run
-------------------------------------------  -----  ---------  --------  ----------  --------------  -------------------
/opt/airflow/dags/data_ingestion_gcs_dag.py   6543  0.62s             1           0  0.96s           2022-12-01T06:09:35
================================================================================
[2022-12-01T06:10:37.053+0000] {manager.py:846} INFO - 
================================================================================
DAG File Processing Stats

File Path                                      PID  Runtime      # DAGs    # Errors  Last Runtime    Last Run
-------------------------------------------  -----  ---------  --------  ----------  --------------  -------------------
/opt/airflow/dags/data_ingestion_gcs_dag.py   6563  0.01s             1           0  1.11s           2022-12-01T06:10:07
================================================================================
[2022-12-01T06:11:07.176+0000] {manager.py:846} INFO - 
================================================================================
DAG File Processing Stats

File Path                                    PID    Runtime      # DAGs    # Errors  Last Runtime    Last Run
-------------------------------------------  -----  ---------  --------  ----------  --------------  -------------------
/opt/airflow/dags/data_ingestion_gcs_dag.py                           1           0  0.99s           2022-12-01T06:10:38
================================================================================
[2022-12-01T06:11:37.321+0000] {manager.py:846} INFO - 
================================================================================
DAG File Processing Stats

File Path                                    PID    Runtime      # DAGs    # Errors  Last Runtime    Last Run
-------------------------------------------  -----  ---------  --------  ----------  --------------  -------------------
/opt/airflow/dags/data_ingestion_gcs_dag.py                           1           0  1.01s           2022-12-01T06:11:09
================================================================================
[2022-12-01T06:12:07.559+0000] {manager.py:846} INFO - 
================================================================================
DAG File Processing Stats

File Path                                    PID    Runtime      # DAGs    # Errors  Last Runtime    Last Run
-------------------------------------------  -----  ---------  --------  ----------  --------------  -------------------
/opt/airflow/dags/data_ingestion_gcs_dag.py                           1           0  1.11s           2022-12-01T06:11:40
================================================================================
[2022-12-01T06:12:37.685+0000] {manager.py:846} INFO - 
================================================================================
DAG File Processing Stats

File Path                                    PID    Runtime      # DAGs    # Errors  Last Runtime    Last Run
-------------------------------------------  -----  ---------  --------  ----------  --------------  -------------------
/opt/airflow/dags/data_ingestion_gcs_dag.py                           1           0  0.98s           2022-12-01T06:12:11
================================================================================
[2022-12-01T06:13:05.821+0000] {manager.py:724} INFO - Searching for files in /opt/airflow/dags
[2022-12-01T06:13:05.823+0000] {manager.py:727} INFO - There are 1 files in /opt/airflow/dags
[2022-12-01T06:13:07.844+0000] {manager.py:846} INFO - 
================================================================================
DAG File Processing Stats

File Path                                    PID    Runtime      # DAGs    # Errors  Last Runtime    Last Run
-------------------------------------------  -----  ---------  --------  ----------  --------------  -------------------
/opt/airflow/dags/data_ingestion_gcs_dag.py                           1           0  1.01s           2022-12-01T06:12:42
================================================================================
[2022-12-01T06:13:38.012+0000] {manager.py:846} INFO - 
================================================================================
DAG File Processing Stats

File Path                                    PID    Runtime      # DAGs    # Errors  Last Runtime    Last Run
-------------------------------------------  -----  ---------  --------  ----------  --------------  -------------------
/opt/airflow/dags/data_ingestion_gcs_dag.py                           1           0  1.06s           2022-12-01T06:13:13
================================================================================
[2022-12-01T06:14:08.170+0000] {manager.py:846} INFO - 
================================================================================
DAG File Processing Stats

File Path                                    PID    Runtime      # DAGs    # Errors  Last Runtime    Last Run
-------------------------------------------  -----  ---------  --------  ----------  --------------  -------------------
/opt/airflow/dags/data_ingestion_gcs_dag.py                           1           0  1.06s           2022-12-01T06:13:45
================================================================================
[2022-12-01T06:14:38.309+0000] {manager.py:846} INFO - 
================================================================================
DAG File Processing Stats

File Path                                    PID    Runtime      # DAGs    # Errors  Last Runtime    Last Run
-------------------------------------------  -----  ---------  --------  ----------  --------------  -------------------
/opt/airflow/dags/data_ingestion_gcs_dag.py                           1           0  0.99s           2022-12-01T06:14:16
================================================================================
[2022-12-01T06:15:08.453+0000] {manager.py:846} INFO - 
================================================================================
DAG File Processing Stats

File Path                                    PID    Runtime      # DAGs    # Errors  Last Runtime    Last Run
-------------------------------------------  -----  ---------  --------  ----------  --------------  -------------------
/opt/airflow/dags/data_ingestion_gcs_dag.py                           1           0  1.01s           2022-12-01T06:14:47
================================================================================
[2022-12-01T06:15:38.582+0000] {manager.py:846} INFO - 
================================================================================
DAG File Processing Stats

File Path                                    PID    Runtime      # DAGs    # Errors  Last Runtime    Last Run
-------------------------------------------  -----  ---------  --------  ----------  --------------  -------------------
/opt/airflow/dags/data_ingestion_gcs_dag.py                           1           0  0.99s           2022-12-01T06:15:18
================================================================================
[2022-12-01T06:16:08.724+0000] {manager.py:846} INFO - 
================================================================================
DAG File Processing Stats

File Path                                    PID    Runtime      # DAGs    # Errors  Last Runtime    Last Run
-------------------------------------------  -----  ---------  --------  ----------  --------------  -------------------
/opt/airflow/dags/data_ingestion_gcs_dag.py                           1           0  1.00s           2022-12-01T06:15:49
================================================================================
[2022-12-01T06:16:38.868+0000] {manager.py:846} INFO - 
================================================================================
DAG File Processing Stats

File Path                                    PID    Runtime      # DAGs    # Errors  Last Runtime    Last Run
-------------------------------------------  -----  ---------  --------  ----------  --------------  -------------------
/opt/airflow/dags/data_ingestion_gcs_dag.py                           1           0  1.02s           2022-12-01T06:16:20
================================================================================
[2022-12-01T06:17:08.999+0000] {manager.py:846} INFO - 
================================================================================
DAG File Processing Stats

File Path                                    PID    Runtime      # DAGs    # Errors  Last Runtime    Last Run
-------------------------------------------  -----  ---------  --------  ----------  --------------  -------------------
/opt/airflow/dags/data_ingestion_gcs_dag.py                           1           0  0.99s           2022-12-01T06:16:51
================================================================================
[2022-12-01T06:17:39.155+0000] {manager.py:846} INFO - 
================================================================================
DAG File Processing Stats

File Path                                    PID    Runtime      # DAGs    # Errors  Last Runtime    Last Run
-------------------------------------------  -----  ---------  --------  ----------  --------------  -------------------
/opt/airflow/dags/data_ingestion_gcs_dag.py                           1           0  1.08s           2022-12-01T06:17:23
================================================================================
[2022-12-01T06:18:06.262+0000] {manager.py:724} INFO - Searching for files in /opt/airflow/dags
[2022-12-01T06:18:06.264+0000] {manager.py:727} INFO - There are 1 files in /opt/airflow/dags
[2022-12-01T06:18:09.287+0000] {manager.py:846} INFO - 
================================================================================
DAG File Processing Stats

File Path                                    PID    Runtime      # DAGs    # Errors  Last Runtime    Last Run
-------------------------------------------  -----  ---------  --------  ----------  --------------  -------------------
/opt/airflow/dags/data_ingestion_gcs_dag.py                           1           0  0.98s           2022-12-01T06:17:54
================================================================================
[2022-12-01T06:18:39.459+0000] {manager.py:846} INFO - 
================================================================================
DAG File Processing Stats

File Path                                    PID    Runtime      # DAGs    # Errors  Last Runtime    Last Run
-------------------------------------------  -----  ---------  --------  ----------  --------------  -------------------
/opt/airflow/dags/data_ingestion_gcs_dag.py                           1           0  1.56s           2022-12-01T06:18:25
================================================================================
[2022-12-01T06:19:09.592+0000] {manager.py:846} INFO - 
================================================================================
DAG File Processing Stats

File Path                                    PID    Runtime      # DAGs    # Errors  Last Runtime    Last Run
-------------------------------------------  -----  ---------  --------  ----------  --------------  -------------------
/opt/airflow/dags/data_ingestion_gcs_dag.py                           1           0  0.99s           2022-12-01T06:18:57
================================================================================
[2022-12-01T06:19:40.247+0000] {manager.py:846} INFO - 
================================================================================
DAG File Processing Stats

File Path                                    PID    Runtime      # DAGs    # Errors  Last Runtime    Last Run
-------------------------------------------  -----  ---------  --------  ----------  --------------  -------------------
/opt/airflow/dags/data_ingestion_gcs_dag.py                           1           0  1.15s           2022-12-01T06:19:28
================================================================================
[2022-12-01T06:20:00.581+0000] {manager.py:465} INFO - Exiting gracefully upon receiving signal 15
