[2023-01-05 15:25:14,510] {taskinstance.py:1032} INFO - Dependencies all met for <TaskInstance: ingestion_dag.bigquery_external_table_task scheduled__2023-01-04T00:00:00+00:00 [queued]>
[2023-01-05 15:25:14,523] {taskinstance.py:1032} INFO - Dependencies all met for <TaskInstance: ingestion_dag.bigquery_external_table_task scheduled__2023-01-04T00:00:00+00:00 [queued]>
[2023-01-05 15:25:14,524] {taskinstance.py:1238} INFO - 
--------------------------------------------------------------------------------
[2023-01-05 15:25:14,524] {taskinstance.py:1239} INFO - Starting attempt 1 of 2
[2023-01-05 15:25:14,524] {taskinstance.py:1240} INFO - 
--------------------------------------------------------------------------------
[2023-01-05 15:25:14,537] {taskinstance.py:1259} INFO - Executing <Task(BigQueryCreateExternalTableOperator): bigquery_external_table_task> on 2023-01-04 00:00:00+00:00
[2023-01-05 15:25:14,546] {standard_task_runner.py:52} INFO - Started process 300 to run task
[2023-01-05 15:25:14,552] {standard_task_runner.py:76} INFO - Running: ['***', 'tasks', 'run', 'ingestion_dag', 'bigquery_external_table_task', 'scheduled__2023-01-04T00:00:00+00:00', '--job-id', '5', '--raw', '--subdir', 'DAGS_FOLDER/ingestion_dag.py', '--cfg-path', '/tmp/tmp_29rbqcj', '--error-file', '/tmp/tmpc6qs1kfd']
[2023-01-05 15:25:14,554] {standard_task_runner.py:77} INFO - Job 5: Subtask bigquery_external_table_task
[2023-01-05 15:25:14,625] {logging_mixin.py:109} INFO - Running <TaskInstance: ingestion_dag.bigquery_external_table_task scheduled__2023-01-04T00:00:00+00:00 [running]> on host 5d77b11d05f0
[2023-01-05 15:25:14,696] {taskinstance.py:1426} INFO - Exporting the following env vars:
AIRFLOW_CTX_DAG_OWNER=***
AIRFLOW_CTX_DAG_ID=ingestion_dag
AIRFLOW_CTX_TASK_ID=bigquery_external_table_task
AIRFLOW_CTX_EXECUTION_DATE=2023-01-04T00:00:00+00:00
AIRFLOW_CTX_DAG_RUN_ID=scheduled__2023-01-04T00:00:00+00:00
[2023-01-05 15:25:14,698] {crypto.py:82} WARNING - empty cryptography key - values will not be stored encrypted.
[2023-01-05 15:25:15,150] {taskinstance.py:1277} INFO - Marking task as SUCCESS. dag_id=ingestion_dag, task_id=bigquery_external_table_task, execution_date=20230104T000000, start_date=20230105T152514, end_date=20230105T152515
[2023-01-05 15:25:15,212] {local_task_job.py:154} INFO - Task exited with return code 0
[2023-01-05 15:25:15,253] {local_task_job.py:264} INFO - 0 downstream tasks scheduled from follow-on schedule check
