[2023-01-06 08:36:14,744] {taskinstance.py:1032} INFO - Dependencies all met for <TaskInstance: yellow_taxi_data.download_dataset_task manual__2023-01-06T07:40:52.632646+00:00 [queued]>
[2023-01-06 08:36:14,756] {taskinstance.py:1032} INFO - Dependencies all met for <TaskInstance: yellow_taxi_data.download_dataset_task manual__2023-01-06T07:40:52.632646+00:00 [queued]>
[2023-01-06 08:36:14,757] {taskinstance.py:1238} INFO - 
--------------------------------------------------------------------------------
[2023-01-06 08:36:14,757] {taskinstance.py:1239} INFO - Starting attempt 6 of 7
[2023-01-06 08:36:14,757] {taskinstance.py:1240} INFO - 
--------------------------------------------------------------------------------
[2023-01-06 08:36:14,771] {taskinstance.py:1259} INFO - Executing <Task(BashOperator): download_dataset_task> on 2023-01-06 07:40:52.632646+00:00
[2023-01-06 08:36:14,777] {standard_task_runner.py:52} INFO - Started process 3718 to run task
[2023-01-06 08:36:14,782] {standard_task_runner.py:76} INFO - Running: ['***', 'tasks', 'run', 'yellow_taxi_data', 'download_dataset_task', 'manual__2023-01-06T07:40:52.632646+00:00', '--job-id', '27', '--raw', '--subdir', 'DAGS_FOLDER/ingestion_dag.py', '--cfg-path', '/tmp/tmpdss8ubv_', '--error-file', '/tmp/tmp5a65nlhl']
[2023-01-06 08:36:14,783] {standard_task_runner.py:77} INFO - Job 27: Subtask download_dataset_task
[2023-01-06 08:36:14,855] {logging_mixin.py:109} INFO - Running <TaskInstance: yellow_taxi_data.download_dataset_task manual__2023-01-06T07:40:52.632646+00:00 [running]> on host 5d77b11d05f0
[2023-01-06 08:36:14,935] {taskinstance.py:1426} INFO - Exporting the following env vars:
AIRFLOW_CTX_DAG_OWNER=***
AIRFLOW_CTX_DAG_ID=yellow_taxi_data
AIRFLOW_CTX_TASK_ID=download_dataset_task
AIRFLOW_CTX_EXECUTION_DATE=2023-01-06T07:40:52.632646+00:00
AIRFLOW_CTX_DAG_RUN_ID=manual__2023-01-06T07:40:52.632646+00:00
[2023-01-06 08:36:14,937] {subprocess.py:62} INFO - Tmp dir root location: 
 /tmp
[2023-01-06 08:36:14,938] {subprocess.py:74} INFO - Running command: ['bash', '-c', 'curl -sSLf https://d37ci6vzurychx.cloudfront.net/trip-data/yellow_tripdata_2021-01.parquet > /opt/***/yellow_tripdata_2021-01.parquet']
[2023-01-06 08:36:14,954] {subprocess.py:85} INFO - Output:
[2023-01-06 08:36:15,210] {subprocess.py:93} INFO - Command exited with return code 0
[2023-01-06 08:36:15,268] {taskinstance.py:1277} INFO - Marking task as SUCCESS. dag_id=yellow_taxi_data, task_id=download_dataset_task, execution_date=20230106T074052, start_date=20230106T083614, end_date=20230106T083615
[2023-01-06 08:36:15,316] {local_task_job.py:154} INFO - Task exited with return code 0
[2023-01-06 08:36:15,365] {local_task_job.py:264} INFO - 1 downstream tasks scheduled from follow-on schedule check
