[2023-01-06 07:38:35,088] {taskinstance.py:1032} INFO - Dependencies all met for <TaskInstance: yellow_taxi_data.download_dataset_task scheduled__2019-02-02T06:00:00+00:00 [queued]>
[2023-01-06 07:38:35,113] {taskinstance.py:1032} INFO - Dependencies all met for <TaskInstance: yellow_taxi_data.download_dataset_task scheduled__2019-02-02T06:00:00+00:00 [queued]>
[2023-01-06 07:38:35,113] {taskinstance.py:1238} INFO - 
--------------------------------------------------------------------------------
[2023-01-06 07:38:35,113] {taskinstance.py:1239} INFO - Starting attempt 1 of 2
[2023-01-06 07:38:35,113] {taskinstance.py:1240} INFO - 
--------------------------------------------------------------------------------
[2023-01-06 07:38:35,142] {taskinstance.py:1259} INFO - Executing <Task(BashOperator): download_dataset_task> on 2019-02-02 06:00:00+00:00
[2023-01-06 07:38:35,151] {standard_task_runner.py:52} INFO - Started process 1302 to run task
[2023-01-06 07:38:35,174] {standard_task_runner.py:76} INFO - Running: ['***', 'tasks', 'run', 'yellow_taxi_data', 'download_dataset_task', 'scheduled__2019-02-02T06:00:00+00:00', '--job-id', '11', '--pool', 'default_pool', '--raw', '--subdir', 'DAGS_FOLDER/ingestion_dag.py', '--cfg-path', '/tmp/tmpicx4qf5i', '--error-file', '/tmp/tmp9d7z9vyb']
[2023-01-06 07:38:35,176] {standard_task_runner.py:77} INFO - Job 11: Subtask download_dataset_task
[2023-01-06 07:38:35,308] {logging_mixin.py:109} INFO - Running <TaskInstance: yellow_taxi_data.download_dataset_task scheduled__2019-02-02T06:00:00+00:00 [running]> on host 5d77b11d05f0
[2023-01-06 07:38:35,383] {warnings.py:110} WARNING - /home/***/.local/lib/python3.7/site-packages/***/utils/context.py:152: AirflowContextDeprecationWarning: Accessing 'execution_date' from the template is deprecated and will be removed in a future version. Please use 'data_interval_start' or 'logical_date' instead.
  warnings.warn(_create_deprecation_warning(key, self._deprecation_replacements[key]))

[2023-01-06 07:38:35,422] {taskinstance.py:1426} INFO - Exporting the following env vars:
AIRFLOW_CTX_DAG_OWNER=***
AIRFLOW_CTX_DAG_ID=yellow_taxi_data
AIRFLOW_CTX_TASK_ID=download_dataset_task
AIRFLOW_CTX_EXECUTION_DATE=2019-02-02T06:00:00+00:00
AIRFLOW_CTX_DAG_RUN_ID=scheduled__2019-02-02T06:00:00+00:00
[2023-01-06 07:38:35,424] {subprocess.py:62} INFO - Tmp dir root location: 
 /tmp
[2023-01-06 07:38:35,429] {subprocess.py:74} INFO - Running command: ['bash', '-c', 'curl -sSLf https://d37ci6vzurychx.cloudfront.net/trip-data/yellow_tripdata_2019-02.parquet > /opt/***/yellow_tripdata_2019-02.parquet']
[2023-01-06 07:38:35,448] {subprocess.py:85} INFO - Output:
[2023-01-06 07:38:36,599] {subprocess.py:93} INFO - Command exited with return code 0
[2023-01-06 07:38:36,645] {taskinstance.py:1277} INFO - Marking task as SUCCESS. dag_id=yellow_taxi_data, task_id=download_dataset_task, execution_date=20190202T060000, start_date=20230106T073835, end_date=20230106T073836
[2023-01-06 07:38:36,702] {local_task_job.py:154} INFO - Task exited with return code 0
[2023-01-06 07:38:36,747] {local_task_job.py:264} INFO - 0 downstream tasks scheduled from follow-on schedule check
