[2023-01-04 05:21:01,699] {processor.py:163} INFO - Started process (PID=39) to work on /opt/airflow/dags/data_ingestion_local.py
[2023-01-04 05:21:01,700] {processor.py:642} INFO - Processing file /opt/airflow/dags/data_ingestion_local.py for tasks to queue
[2023-01-04 05:21:01,702] {logging_mixin.py:109} INFO - [2023-01-04 05:21:01,701] {dagbag.py:500} INFO - Filling up the DagBag from /opt/airflow/dags/data_ingestion_local.py
[2023-01-04 05:21:01,728] {processor.py:656} WARNING - No viable dags retrieved from /opt/airflow/dags/data_ingestion_local.py
[2023-01-04 05:21:01,729] {processor.py:171} INFO - Processing /opt/airflow/dags/data_ingestion_local.py took 0.036 seconds
[2023-01-04 05:21:11,765] {processor.py:163} INFO - Started process (PID=49) to work on /opt/airflow/dags/data_ingestion_local.py
[2023-01-04 05:21:11,766] {processor.py:642} INFO - Processing file /opt/airflow/dags/data_ingestion_local.py for tasks to queue
[2023-01-04 05:21:11,767] {logging_mixin.py:109} INFO - [2023-01-04 05:21:11,767] {dagbag.py:500} INFO - Filling up the DagBag from /opt/airflow/dags/data_ingestion_local.py
[2023-01-04 05:21:11,799] {processor.py:656} WARNING - No viable dags retrieved from /opt/airflow/dags/data_ingestion_local.py
[2023-01-04 05:21:11,800] {processor.py:171} INFO - Processing /opt/airflow/dags/data_ingestion_local.py took 0.041 seconds
[2023-01-04 05:21:21,828] {processor.py:163} INFO - Started process (PID=57) to work on /opt/airflow/dags/data_ingestion_local.py
[2023-01-04 05:21:21,829] {processor.py:642} INFO - Processing file /opt/airflow/dags/data_ingestion_local.py for tasks to queue
[2023-01-04 05:21:21,830] {logging_mixin.py:109} INFO - [2023-01-04 05:21:21,830] {dagbag.py:500} INFO - Filling up the DagBag from /opt/airflow/dags/data_ingestion_local.py
[2023-01-04 05:21:21,856] {processor.py:656} WARNING - No viable dags retrieved from /opt/airflow/dags/data_ingestion_local.py
[2023-01-04 05:21:21,857] {processor.py:171} INFO - Processing /opt/airflow/dags/data_ingestion_local.py took 0.034 seconds
[2023-01-04 05:21:31,875] {processor.py:163} INFO - Started process (PID=60) to work on /opt/airflow/dags/data_ingestion_local.py
[2023-01-04 05:21:31,876] {processor.py:642} INFO - Processing file /opt/airflow/dags/data_ingestion_local.py for tasks to queue
[2023-01-04 05:21:31,877] {logging_mixin.py:109} INFO - [2023-01-04 05:21:31,877] {dagbag.py:500} INFO - Filling up the DagBag from /opt/airflow/dags/data_ingestion_local.py
[2023-01-04 05:21:31,896] {processor.py:656} WARNING - No viable dags retrieved from /opt/airflow/dags/data_ingestion_local.py
[2023-01-04 05:21:31,896] {processor.py:171} INFO - Processing /opt/airflow/dags/data_ingestion_local.py took 0.026 seconds
[2023-01-04 05:21:41,935] {processor.py:163} INFO - Started process (PID=69) to work on /opt/airflow/dags/data_ingestion_local.py
[2023-01-04 05:21:41,940] {processor.py:642} INFO - Processing file /opt/airflow/dags/data_ingestion_local.py for tasks to queue
[2023-01-04 05:21:41,941] {logging_mixin.py:109} INFO - [2023-01-04 05:21:41,941] {dagbag.py:500} INFO - Filling up the DagBag from /opt/airflow/dags/data_ingestion_local.py
[2023-01-04 05:21:41,960] {processor.py:656} WARNING - No viable dags retrieved from /opt/airflow/dags/data_ingestion_local.py
[2023-01-04 05:21:41,961] {processor.py:171} INFO - Processing /opt/airflow/dags/data_ingestion_local.py took 0.030 seconds
[2023-01-04 05:21:51,983] {processor.py:163} INFO - Started process (PID=79) to work on /opt/airflow/dags/data_ingestion_local.py
[2023-01-04 05:21:51,984] {processor.py:642} INFO - Processing file /opt/airflow/dags/data_ingestion_local.py for tasks to queue
[2023-01-04 05:21:51,985] {logging_mixin.py:109} INFO - [2023-01-04 05:21:51,985] {dagbag.py:500} INFO - Filling up the DagBag from /opt/airflow/dags/data_ingestion_local.py
[2023-01-04 05:21:52,005] {processor.py:656} WARNING - No viable dags retrieved from /opt/airflow/dags/data_ingestion_local.py
[2023-01-04 05:21:52,005] {processor.py:171} INFO - Processing /opt/airflow/dags/data_ingestion_local.py took 0.027 seconds
[2023-01-04 05:22:02,038] {processor.py:163} INFO - Started process (PID=89) to work on /opt/airflow/dags/data_ingestion_local.py
[2023-01-04 05:22:02,039] {processor.py:642} INFO - Processing file /opt/airflow/dags/data_ingestion_local.py for tasks to queue
[2023-01-04 05:22:02,040] {logging_mixin.py:109} INFO - [2023-01-04 05:22:02,040] {dagbag.py:500} INFO - Filling up the DagBag from /opt/airflow/dags/data_ingestion_local.py
[2023-01-04 05:22:02,061] {processor.py:656} WARNING - No viable dags retrieved from /opt/airflow/dags/data_ingestion_local.py
[2023-01-04 05:22:02,062] {processor.py:171} INFO - Processing /opt/airflow/dags/data_ingestion_local.py took 0.028 seconds
[2023-01-04 05:22:12,095] {processor.py:163} INFO - Started process (PID=100) to work on /opt/airflow/dags/data_ingestion_local.py
[2023-01-04 05:22:12,096] {processor.py:642} INFO - Processing file /opt/airflow/dags/data_ingestion_local.py for tasks to queue
[2023-01-04 05:22:12,097] {logging_mixin.py:109} INFO - [2023-01-04 05:22:12,097] {dagbag.py:500} INFO - Filling up the DagBag from /opt/airflow/dags/data_ingestion_local.py
[2023-01-04 05:22:12,121] {processor.py:656} WARNING - No viable dags retrieved from /opt/airflow/dags/data_ingestion_local.py
[2023-01-04 05:22:12,122] {processor.py:171} INFO - Processing /opt/airflow/dags/data_ingestion_local.py took 0.032 seconds
[2023-01-04 05:22:22,142] {processor.py:163} INFO - Started process (PID=101) to work on /opt/airflow/dags/data_ingestion_local.py
[2023-01-04 05:22:22,145] {processor.py:642} INFO - Processing file /opt/airflow/dags/data_ingestion_local.py for tasks to queue
[2023-01-04 05:22:22,146] {logging_mixin.py:109} INFO - [2023-01-04 05:22:22,146] {dagbag.py:500} INFO - Filling up the DagBag from /opt/airflow/dags/data_ingestion_local.py
[2023-01-04 05:22:22,166] {processor.py:656} WARNING - No viable dags retrieved from /opt/airflow/dags/data_ingestion_local.py
[2023-01-04 05:22:22,167] {processor.py:171} INFO - Processing /opt/airflow/dags/data_ingestion_local.py took 0.030 seconds
[2023-01-04 05:22:32,202] {processor.py:163} INFO - Started process (PID=111) to work on /opt/airflow/dags/data_ingestion_local.py
[2023-01-04 05:22:32,204] {processor.py:642} INFO - Processing file /opt/airflow/dags/data_ingestion_local.py for tasks to queue
[2023-01-04 05:22:32,204] {logging_mixin.py:109} INFO - [2023-01-04 05:22:32,204] {dagbag.py:500} INFO - Filling up the DagBag from /opt/airflow/dags/data_ingestion_local.py
[2023-01-04 05:22:32,223] {processor.py:656} WARNING - No viable dags retrieved from /opt/airflow/dags/data_ingestion_local.py
[2023-01-04 05:22:32,223] {processor.py:171} INFO - Processing /opt/airflow/dags/data_ingestion_local.py took 0.025 seconds
[2023-01-04 05:22:42,247] {processor.py:163} INFO - Started process (PID=121) to work on /opt/airflow/dags/data_ingestion_local.py
[2023-01-04 05:22:42,249] {processor.py:642} INFO - Processing file /opt/airflow/dags/data_ingestion_local.py for tasks to queue
[2023-01-04 05:22:42,249] {logging_mixin.py:109} INFO - [2023-01-04 05:22:42,249] {dagbag.py:500} INFO - Filling up the DagBag from /opt/airflow/dags/data_ingestion_local.py
[2023-01-04 05:22:42,268] {processor.py:656} WARNING - No viable dags retrieved from /opt/airflow/dags/data_ingestion_local.py
[2023-01-04 05:22:42,269] {processor.py:171} INFO - Processing /opt/airflow/dags/data_ingestion_local.py took 0.026 seconds
[2023-01-04 05:22:52,303] {processor.py:163} INFO - Started process (PID=131) to work on /opt/airflow/dags/data_ingestion_local.py
[2023-01-04 05:22:52,305] {processor.py:642} INFO - Processing file /opt/airflow/dags/data_ingestion_local.py for tasks to queue
[2023-01-04 05:22:52,306] {logging_mixin.py:109} INFO - [2023-01-04 05:22:52,305] {dagbag.py:500} INFO - Filling up the DagBag from /opt/airflow/dags/data_ingestion_local.py
[2023-01-04 05:22:52,325] {processor.py:656} WARNING - No viable dags retrieved from /opt/airflow/dags/data_ingestion_local.py
[2023-01-04 05:22:52,326] {processor.py:171} INFO - Processing /opt/airflow/dags/data_ingestion_local.py took 0.027 seconds
[2023-01-04 05:23:02,360] {processor.py:163} INFO - Started process (PID=141) to work on /opt/airflow/dags/data_ingestion_local.py
[2023-01-04 05:23:02,363] {processor.py:642} INFO - Processing file /opt/airflow/dags/data_ingestion_local.py for tasks to queue
[2023-01-04 05:23:02,364] {logging_mixin.py:109} INFO - [2023-01-04 05:23:02,364] {dagbag.py:500} INFO - Filling up the DagBag from /opt/airflow/dags/data_ingestion_local.py
[2023-01-04 05:23:02,388] {processor.py:656} WARNING - No viable dags retrieved from /opt/airflow/dags/data_ingestion_local.py
[2023-01-04 05:23:02,389] {processor.py:171} INFO - Processing /opt/airflow/dags/data_ingestion_local.py took 0.034 seconds
[2023-01-04 05:23:12,407] {processor.py:163} INFO - Started process (PID=142) to work on /opt/airflow/dags/data_ingestion_local.py
[2023-01-04 05:23:12,408] {processor.py:642} INFO - Processing file /opt/airflow/dags/data_ingestion_local.py for tasks to queue
[2023-01-04 05:23:12,409] {logging_mixin.py:109} INFO - [2023-01-04 05:23:12,409] {dagbag.py:500} INFO - Filling up the DagBag from /opt/airflow/dags/data_ingestion_local.py
[2023-01-04 05:23:12,431] {processor.py:656} WARNING - No viable dags retrieved from /opt/airflow/dags/data_ingestion_local.py
[2023-01-04 05:23:12,432] {processor.py:171} INFO - Processing /opt/airflow/dags/data_ingestion_local.py took 0.030 seconds
[2023-01-04 05:23:22,478] {processor.py:163} INFO - Started process (PID=153) to work on /opt/airflow/dags/data_ingestion_local.py
[2023-01-04 05:23:22,479] {processor.py:642} INFO - Processing file /opt/airflow/dags/data_ingestion_local.py for tasks to queue
[2023-01-04 05:23:22,479] {logging_mixin.py:109} INFO - [2023-01-04 05:23:22,479] {dagbag.py:500} INFO - Filling up the DagBag from /opt/airflow/dags/data_ingestion_local.py
[2023-01-04 05:23:22,501] {processor.py:656} WARNING - No viable dags retrieved from /opt/airflow/dags/data_ingestion_local.py
[2023-01-04 05:23:22,501] {processor.py:171} INFO - Processing /opt/airflow/dags/data_ingestion_local.py took 0.028 seconds
[2023-01-04 05:23:32,525] {processor.py:163} INFO - Started process (PID=163) to work on /opt/airflow/dags/data_ingestion_local.py
[2023-01-04 05:23:32,526] {processor.py:642} INFO - Processing file /opt/airflow/dags/data_ingestion_local.py for tasks to queue
[2023-01-04 05:23:32,527] {logging_mixin.py:109} INFO - [2023-01-04 05:23:32,527] {dagbag.py:500} INFO - Filling up the DagBag from /opt/airflow/dags/data_ingestion_local.py
[2023-01-04 05:23:32,545] {processor.py:656} WARNING - No viable dags retrieved from /opt/airflow/dags/data_ingestion_local.py
[2023-01-04 05:23:32,546] {processor.py:171} INFO - Processing /opt/airflow/dags/data_ingestion_local.py took 0.027 seconds
