[2023-01-06 07:38:44,883] {taskinstance.py:1032} INFO - Dependencies all met for <TaskInstance: yellow_taxi_data.local_to_gcs_task scheduled__2019-02-02T06:00:00+00:00 [queued]>
[2023-01-06 07:38:44,901] {taskinstance.py:1032} INFO - Dependencies all met for <TaskInstance: yellow_taxi_data.local_to_gcs_task scheduled__2019-02-02T06:00:00+00:00 [queued]>
[2023-01-06 07:38:44,901] {taskinstance.py:1238} INFO - 
--------------------------------------------------------------------------------
[2023-01-06 07:38:44,902] {taskinstance.py:1239} INFO - Starting attempt 1 of 2
[2023-01-06 07:38:44,902] {taskinstance.py:1240} INFO - 
--------------------------------------------------------------------------------
[2023-01-06 07:38:44,925] {taskinstance.py:1259} INFO - Executing <Task(PythonOperator): local_to_gcs_task> on 2019-02-02 06:00:00+00:00
[2023-01-06 07:38:44,932] {standard_task_runner.py:52} INFO - Started process 1322 to run task
[2023-01-06 07:38:44,943] {standard_task_runner.py:76} INFO - Running: ['***', 'tasks', 'run', 'yellow_taxi_data', 'local_to_gcs_task', 'scheduled__2019-02-02T06:00:00+00:00', '--job-id', '14', '--pool', 'default_pool', '--raw', '--subdir', 'DAGS_FOLDER/ingestion_dag.py', '--cfg-path', '/tmp/tmpfaoxmonf', '--error-file', '/tmp/tmpwrs5qlqt']
[2023-01-06 07:38:44,945] {standard_task_runner.py:77} INFO - Job 14: Subtask local_to_gcs_task
[2023-01-06 07:38:45,047] {logging_mixin.py:109} INFO - Running <TaskInstance: yellow_taxi_data.local_to_gcs_task scheduled__2019-02-02T06:00:00+00:00 [running]> on host 5d77b11d05f0
[2023-01-06 07:38:45,107] {warnings.py:110} WARNING - /home/***/.local/lib/python3.7/site-packages/***/utils/context.py:152: AirflowContextDeprecationWarning: Accessing 'execution_date' from the template is deprecated and will be removed in a future version. Please use 'data_interval_start' or 'logical_date' instead.
  warnings.warn(_create_deprecation_warning(key, self._deprecation_replacements[key]))

[2023-01-06 07:38:45,137] {taskinstance.py:1426} INFO - Exporting the following env vars:
AIRFLOW_CTX_DAG_OWNER=***
AIRFLOW_CTX_DAG_ID=yellow_taxi_data
AIRFLOW_CTX_TASK_ID=local_to_gcs_task
AIRFLOW_CTX_EXECUTION_DATE=2019-02-02T06:00:00+00:00
AIRFLOW_CTX_DAG_RUN_ID=scheduled__2019-02-02T06:00:00+00:00
[2023-01-06 07:38:49,972] {python.py:175} INFO - Done. Returned value was: None
[2023-01-06 07:38:49,994] {taskinstance.py:1277} INFO - Marking task as SUCCESS. dag_id=yellow_taxi_data, task_id=local_to_gcs_task, execution_date=20190202T060000, start_date=20230106T073844, end_date=20230106T073849
[2023-01-06 07:38:50,033] {local_task_job.py:154} INFO - Task exited with return code 0
[2023-01-06 07:38:50,080] {local_task_job.py:264} INFO - 0 downstream tasks scheduled from follow-on schedule check
