[2022-12-01T06:01:29.833+0000] {taskinstance.py:1165} INFO - Dependencies all met for <TaskInstance: data_ingestion_gcs_dag.download_dataset_task scheduled__2022-11-30T00:00:00+00:00 [queued]>
[2022-12-01T06:01:29.847+0000] {taskinstance.py:1165} INFO - Dependencies all met for <TaskInstance: data_ingestion_gcs_dag.download_dataset_task scheduled__2022-11-30T00:00:00+00:00 [queued]>
[2022-12-01T06:01:29.848+0000] {taskinstance.py:1362} INFO - 
--------------------------------------------------------------------------------
[2022-12-01T06:01:29.848+0000] {taskinstance.py:1363} INFO - Starting attempt 1 of 2
[2022-12-01T06:01:29.848+0000] {taskinstance.py:1364} INFO - 
--------------------------------------------------------------------------------
[2022-12-01T06:01:29.867+0000] {taskinstance.py:1383} INFO - Executing <Task(BashOperator): download_dataset_task> on 2022-11-30 00:00:00+00:00
[2022-12-01T06:01:29.877+0000] {standard_task_runner.py:55} INFO - Started process 5808 to run task
[2022-12-01T06:01:29.885+0000] {standard_task_runner.py:82} INFO - Running: ['***', 'tasks', 'run', 'data_ingestion_gcs_dag', 'download_dataset_task', 'scheduled__2022-11-30T00:00:00+00:00', '--job-id', '7', '--raw', '--subdir', 'DAGS_FOLDER/data_ingestion_gcs_dag.py', '--cfg-path', '/tmp/tmp5kuzpz4n']
[2022-12-01T06:01:29.888+0000] {standard_task_runner.py:83} INFO - Job 7: Subtask download_dataset_task
[2022-12-01T06:01:29.994+0000] {task_command.py:376} INFO - Running <TaskInstance: data_ingestion_gcs_dag.download_dataset_task scheduled__2022-11-30T00:00:00+00:00 [running]> on host 2003d44c7bd2
[2022-12-01T06:01:30.163+0000] {taskinstance.py:1592} INFO - Exporting the following env vars:
AIRFLOW_CTX_DAG_OWNER=***
AIRFLOW_CTX_DAG_ID=data_ingestion_gcs_dag
AIRFLOW_CTX_TASK_ID=download_dataset_task
AIRFLOW_CTX_EXECUTION_DATE=2022-11-30T00:00:00+00:00
AIRFLOW_CTX_TRY_NUMBER=1
AIRFLOW_CTX_DAG_RUN_ID=scheduled__2022-11-30T00:00:00+00:00
[2022-12-01T06:01:30.166+0000] {subprocess.py:63} INFO - Tmp dir root location: 
 /tmp
[2022-12-01T06:01:30.167+0000] {subprocess.py:75} INFO - Running command: ['/bin/bash', '-c', 'curl -sSL https://d37ci6vzurychx.cloudfront.net/trip-data/yellow_tripdata_2021-01.parquet > /opt/***/yellow_tripdata_2021-01.parquet']
[2022-12-01T06:01:30.194+0000] {subprocess.py:86} INFO - Output:
[2022-12-01T06:01:30.419+0000] {subprocess.py:97} INFO - Command exited with return code 0
[2022-12-01T06:01:30.473+0000] {taskinstance.py:1406} INFO - Marking task as SUCCESS. dag_id=data_ingestion_gcs_dag, task_id=download_dataset_task, execution_date=20221130T000000, start_date=20221201T060129, end_date=20221201T060130
[2022-12-01T06:01:30.548+0000] {local_task_job.py:159} INFO - Task exited with return code 0
[2022-12-01T06:01:30.624+0000] {taskinstance.py:2623} INFO - 1 downstream tasks scheduled from follow-on schedule check
