[2023-01-05 15:25:11,619] {taskinstance.py:1032} INFO - Dependencies all met for <TaskInstance: ingestion_dag.local_to_gcs_task scheduled__2023-01-04T00:00:00+00:00 [queued]>
[2023-01-05 15:25:11,633] {taskinstance.py:1032} INFO - Dependencies all met for <TaskInstance: ingestion_dag.local_to_gcs_task scheduled__2023-01-04T00:00:00+00:00 [queued]>
[2023-01-05 15:25:11,633] {taskinstance.py:1238} INFO - 
--------------------------------------------------------------------------------
[2023-01-05 15:25:11,633] {taskinstance.py:1239} INFO - Starting attempt 1 of 2
[2023-01-05 15:25:11,633] {taskinstance.py:1240} INFO - 
--------------------------------------------------------------------------------
[2023-01-05 15:25:11,647] {taskinstance.py:1259} INFO - Executing <Task(PythonOperator): local_to_gcs_task> on 2023-01-04 00:00:00+00:00
[2023-01-05 15:25:11,655] {standard_task_runner.py:52} INFO - Started process 297 to run task
[2023-01-05 15:25:11,660] {standard_task_runner.py:76} INFO - Running: ['***', 'tasks', 'run', 'ingestion_dag', 'local_to_gcs_task', 'scheduled__2023-01-04T00:00:00+00:00', '--job-id', '4', '--raw', '--subdir', 'DAGS_FOLDER/ingestion_dag.py', '--cfg-path', '/tmp/tmpon7i852c', '--error-file', '/tmp/tmp7njd2aba']
[2023-01-05 15:25:11,662] {standard_task_runner.py:77} INFO - Job 4: Subtask local_to_gcs_task
[2023-01-05 15:25:11,733] {logging_mixin.py:109} INFO - Running <TaskInstance: ingestion_dag.local_to_gcs_task scheduled__2023-01-04T00:00:00+00:00 [running]> on host 5d77b11d05f0
[2023-01-05 15:25:11,803] {taskinstance.py:1426} INFO - Exporting the following env vars:
AIRFLOW_CTX_DAG_OWNER=***
AIRFLOW_CTX_DAG_ID=ingestion_dag
AIRFLOW_CTX_TASK_ID=local_to_gcs_task
AIRFLOW_CTX_EXECUTION_DATE=2023-01-04T00:00:00+00:00
AIRFLOW_CTX_DAG_RUN_ID=scheduled__2023-01-04T00:00:00+00:00
[2023-01-05 15:25:13,038] {python.py:175} INFO - Done. Returned value was: None
[2023-01-05 15:25:13,053] {taskinstance.py:1277} INFO - Marking task as SUCCESS. dag_id=ingestion_dag, task_id=local_to_gcs_task, execution_date=20230104T000000, start_date=20230105T152511, end_date=20230105T152513
[2023-01-05 15:25:13,078] {local_task_job.py:154} INFO - Task exited with return code 0
[2023-01-05 15:25:13,125] {local_task_job.py:264} INFO - 1 downstream tasks scheduled from follow-on schedule check
