[2023-01-06 09:00:11,568] {taskinstance.py:1032} INFO - Dependencies all met for <TaskInstance: yellow_taxi_data.download_dataset_task manual__2023-01-06T08:30:41.262614+00:00 [queued]>
[2023-01-06 09:00:11,582] {taskinstance.py:1032} INFO - Dependencies all met for <TaskInstance: yellow_taxi_data.download_dataset_task manual__2023-01-06T08:30:41.262614+00:00 [queued]>
[2023-01-06 09:00:11,582] {taskinstance.py:1238} INFO - 
--------------------------------------------------------------------------------
[2023-01-06 09:00:11,582] {taskinstance.py:1239} INFO - Starting attempt 2 of 3
[2023-01-06 09:00:11,582] {taskinstance.py:1240} INFO - 
--------------------------------------------------------------------------------
[2023-01-06 09:00:11,595] {taskinstance.py:1259} INFO - Executing <Task(BashOperator): download_dataset_task> on 2023-01-06 08:30:41.262614+00:00
[2023-01-06 09:00:11,602] {standard_task_runner.py:52} INFO - Started process 4718 to run task
[2023-01-06 09:00:11,609] {standard_task_runner.py:76} INFO - Running: ['***', 'tasks', 'run', 'yellow_taxi_data', 'download_dataset_task', 'manual__2023-01-06T08:30:41.262614+00:00', '--job-id', '31', '--raw', '--subdir', 'DAGS_FOLDER/ingestion_dag.py', '--cfg-path', '/tmp/tmpp2p3dvzh', '--error-file', '/tmp/tmp9uykwehi']
[2023-01-06 09:00:11,610] {standard_task_runner.py:77} INFO - Job 31: Subtask download_dataset_task
[2023-01-06 09:00:11,684] {logging_mixin.py:109} INFO - Running <TaskInstance: yellow_taxi_data.download_dataset_task manual__2023-01-06T08:30:41.262614+00:00 [running]> on host 5d77b11d05f0
[2023-01-06 09:00:11,758] {taskinstance.py:1426} INFO - Exporting the following env vars:
AIRFLOW_CTX_DAG_OWNER=***
AIRFLOW_CTX_DAG_ID=yellow_taxi_data
AIRFLOW_CTX_TASK_ID=download_dataset_task
AIRFLOW_CTX_EXECUTION_DATE=2023-01-06T08:30:41.262614+00:00
AIRFLOW_CTX_DAG_RUN_ID=manual__2023-01-06T08:30:41.262614+00:00
[2023-01-06 09:00:11,759] {subprocess.py:62} INFO - Tmp dir root location: 
 /tmp
[2023-01-06 09:00:11,760] {subprocess.py:74} INFO - Running command: ['bash', '-c', 'curl -sSLf https://d37ci6vzurychx.cloudfront.net/trip-data/green_tripdata_2021-01.parquet > /opt/***/green_tripdata_2021-01.parquet']
[2023-01-06 09:00:11,774] {subprocess.py:85} INFO - Output:
[2023-01-06 09:00:11,901] {subprocess.py:93} INFO - Command exited with return code 0
[2023-01-06 09:00:11,934] {taskinstance.py:1277} INFO - Marking task as SUCCESS. dag_id=yellow_taxi_data, task_id=download_dataset_task, execution_date=20230106T083041, start_date=20230106T090011, end_date=20230106T090011
[2023-01-06 09:00:11,982] {local_task_job.py:154} INFO - Task exited with return code 0
[2023-01-06 09:00:12,029] {local_task_job.py:264} INFO - 1 downstream tasks scheduled from follow-on schedule check
