[2023-01-06 08:36:16,430] {taskinstance.py:1032} INFO - Dependencies all met for <TaskInstance: yellow_taxi_data.local_to_gcs_task manual__2023-01-06T07:40:52.632646+00:00 [queued]>
[2023-01-06 08:36:16,443] {taskinstance.py:1032} INFO - Dependencies all met for <TaskInstance: yellow_taxi_data.local_to_gcs_task manual__2023-01-06T07:40:52.632646+00:00 [queued]>
[2023-01-06 08:36:16,444] {taskinstance.py:1238} INFO - 
--------------------------------------------------------------------------------
[2023-01-06 08:36:16,444] {taskinstance.py:1239} INFO - Starting attempt 1 of 2
[2023-01-06 08:36:16,444] {taskinstance.py:1240} INFO - 
--------------------------------------------------------------------------------
[2023-01-06 08:36:16,465] {taskinstance.py:1259} INFO - Executing <Task(PythonOperator): local_to_gcs_task> on 2023-01-06 07:40:52.632646+00:00
[2023-01-06 08:36:16,472] {standard_task_runner.py:52} INFO - Started process 3724 to run task
[2023-01-06 08:36:16,477] {standard_task_runner.py:76} INFO - Running: ['***', 'tasks', 'run', 'yellow_taxi_data', 'local_to_gcs_task', 'manual__2023-01-06T07:40:52.632646+00:00', '--job-id', '28', '--raw', '--subdir', 'DAGS_FOLDER/ingestion_dag.py', '--cfg-path', '/tmp/tmpnf_4612u', '--error-file', '/tmp/tmpbgbkupzl']
[2023-01-06 08:36:16,478] {standard_task_runner.py:77} INFO - Job 28: Subtask local_to_gcs_task
[2023-01-06 08:36:16,552] {logging_mixin.py:109} INFO - Running <TaskInstance: yellow_taxi_data.local_to_gcs_task manual__2023-01-06T07:40:52.632646+00:00 [running]> on host 5d77b11d05f0
[2023-01-06 08:36:16,627] {taskinstance.py:1426} INFO - Exporting the following env vars:
AIRFLOW_CTX_DAG_OWNER=***
AIRFLOW_CTX_DAG_ID=yellow_taxi_data
AIRFLOW_CTX_TASK_ID=local_to_gcs_task
AIRFLOW_CTX_EXECUTION_DATE=2023-01-06T07:40:52.632646+00:00
AIRFLOW_CTX_DAG_RUN_ID=manual__2023-01-06T07:40:52.632646+00:00
[2023-01-06 08:36:17,911] {python.py:175} INFO - Done. Returned value was: None
[2023-01-06 08:36:17,931] {taskinstance.py:1277} INFO - Marking task as SUCCESS. dag_id=yellow_taxi_data, task_id=local_to_gcs_task, execution_date=20230106T074052, start_date=20230106T083616, end_date=20230106T083617
[2023-01-06 08:36:17,975] {local_task_job.py:154} INFO - Task exited with return code 0
[2023-01-06 08:36:18,016] {local_task_job.py:264} INFO - 1 downstream tasks scheduled from follow-on schedule check
