[2023-01-06 07:38:44,846] {taskinstance.py:1032} INFO - Dependencies all met for <TaskInstance: yellow_taxi_data.local_to_gcs_task scheduled__2019-01-02T06:00:00+00:00 [queued]>
[2023-01-06 07:38:44,865] {taskinstance.py:1032} INFO - Dependencies all met for <TaskInstance: yellow_taxi_data.local_to_gcs_task scheduled__2019-01-02T06:00:00+00:00 [queued]>
[2023-01-06 07:38:44,865] {taskinstance.py:1238} INFO - 
--------------------------------------------------------------------------------
[2023-01-06 07:38:44,865] {taskinstance.py:1239} INFO - Starting attempt 1 of 2
[2023-01-06 07:38:44,865] {taskinstance.py:1240} INFO - 
--------------------------------------------------------------------------------
[2023-01-06 07:38:44,884] {taskinstance.py:1259} INFO - Executing <Task(PythonOperator): local_to_gcs_task> on 2019-01-02 06:00:00+00:00
[2023-01-06 07:38:44,891] {standard_task_runner.py:52} INFO - Started process 1320 to run task
[2023-01-06 07:38:44,898] {standard_task_runner.py:76} INFO - Running: ['***', 'tasks', 'run', 'yellow_taxi_data', 'local_to_gcs_task', 'scheduled__2019-01-02T06:00:00+00:00', '--job-id', '12', '--pool', 'default_pool', '--raw', '--subdir', 'DAGS_FOLDER/ingestion_dag.py', '--cfg-path', '/tmp/tmpj5l90dno', '--error-file', '/tmp/tmp4lahmtcy']
[2023-01-06 07:38:44,899] {standard_task_runner.py:77} INFO - Job 12: Subtask local_to_gcs_task
[2023-01-06 07:38:44,994] {logging_mixin.py:109} INFO - Running <TaskInstance: yellow_taxi_data.local_to_gcs_task scheduled__2019-01-02T06:00:00+00:00 [running]> on host 5d77b11d05f0
[2023-01-06 07:38:45,061] {warnings.py:110} WARNING - /home/***/.local/lib/python3.7/site-packages/***/utils/context.py:152: AirflowContextDeprecationWarning: Accessing 'execution_date' from the template is deprecated and will be removed in a future version. Please use 'data_interval_start' or 'logical_date' instead.
  warnings.warn(_create_deprecation_warning(key, self._deprecation_replacements[key]))

[2023-01-06 07:38:45,092] {taskinstance.py:1426} INFO - Exporting the following env vars:
AIRFLOW_CTX_DAG_OWNER=***
AIRFLOW_CTX_DAG_ID=yellow_taxi_data
AIRFLOW_CTX_TASK_ID=local_to_gcs_task
AIRFLOW_CTX_EXECUTION_DATE=2019-01-02T06:00:00+00:00
AIRFLOW_CTX_DAG_RUN_ID=scheduled__2019-01-02T06:00:00+00:00
[2023-01-06 07:38:50,207] {python.py:175} INFO - Done. Returned value was: None
[2023-01-06 07:38:50,224] {taskinstance.py:1277} INFO - Marking task as SUCCESS. dag_id=yellow_taxi_data, task_id=local_to_gcs_task, execution_date=20190102T060000, start_date=20230106T073844, end_date=20230106T073850
[2023-01-06 07:38:50,275] {local_task_job.py:154} INFO - Task exited with return code 0
[2023-01-06 07:38:50,314] {local_task_job.py:264} INFO - 0 downstream tasks scheduled from follow-on schedule check
